DEBUG 2017-08-16 02:05:16,169: 	 Executing command: 'submit'
DEBUG 2017-08-16 02:05:16,169: 	 Found CRAB cache file /afs/cern.ch/user/s/stuli/.crab3
DEBUG 2017-08-16 02:05:16,175: 	 Checking credentials
DEBUG 2017-08-16 02:05:16,176: 	 Found proxy file /tmp/x509up_u88975
DEBUG 2017-08-16 02:05:16,176: 	 Getting proxy life time left
DEBUG 2017-08-16 02:05:16,979: 	 Executing : 
 command : voms-proxy-info -file /tmp/x509up_u88975 -timeleft
 output : 172778

 error: 
 retcode : 0
DEBUG 2017-08-16 02:05:17,589: 	 Executing : 
 command : voms-proxy-info -file /tmp/x509up_u88975 -actimeleft
 output : 172777

 error: 
 retcode : 0
DEBUG 2017-08-16 02:05:17,589: 	 Proxy valid for 47:59:38 hours
INFO 2017-08-16 02:05:17,589: 	 Will use CRAB configuration file crabConfig_Analyzer_Ups3S_tuneD6T_5TeV02.py
DEBUG 2017-08-16 02:05:17,590: 	 Loading CRAB configuration file.
DEBUG 2017-08-16 02:05:17,596: 	 Will use CRAB Analysis plugin (i.e. will run an analysis job type).
DEBUG 2017-08-16 02:05:17,731: 	 Executing : 
 command : openssl x509 -in ~/.globus/usercert.pem -subject -noout
 output : subject= /DC=ch/DC=cern/OU=Organic Units/OU=Users/CN=stuli/CN=785163/CN=Santona Tuli

 error: 
 retcode : 0
DEBUG 2017-08-16 02:05:17,732: 	 Checking credentials
DEBUG 2017-08-16 02:05:17,732: 	 Found proxy file /tmp/x509up_u88975
DEBUG 2017-08-16 02:05:17,732: 	 Getting proxy life time left
DEBUG 2017-08-16 02:05:18,436: 	 Executing : 
 command : voms-proxy-info -file /tmp/x509up_u88975 -timeleft
 output : 172776

 error: 
 retcode : 0
DEBUG 2017-08-16 02:05:19,243: 	 Executing : 
 command : voms-proxy-info -file /tmp/x509up_u88975 -actimeleft
 output : 172775

 error: 
 retcode : 0
DEBUG 2017-08-16 02:05:19,243: 	 Proxy valid for 47:59:36 hours
DEBUG 2017-08-16 02:05:19,847: 	 Executing : 
 command : env X509_USER_PROXY=/tmp/x509up_u88975 voms-proxy-info -fqan
 output : /cms/Role=NULL/Capability=NULL

 error: 
 retcode : 0
DEBUG 2017-08-16 02:05:20,263: 	 Registering user credentials for server /DC=ch/DC=cern/OU=computers/CN=vocms(045|052|021|031|0118|0118a|0119|0108|0105|0109).cern.ch
DEBUG 2017-08-16 02:05:20,371: 	 Executing : 
 command : openssl x509 -in ~/.globus/usercert.pem -subject -noout
 output : subject= /DC=ch/DC=cern/OU=Organic Units/OU=Users/CN=stuli/CN=785163/CN=Santona Tuli

 error: 
 retcode : 0
DEBUG 2017-08-16 02:05:20,371: 	 Getting myproxy life time left for myproxy.cern.ch
DEBUG 2017-08-16 02:05:20,371: 	 Calculating hash of /DC=ch/DC=cern/OU=Organic Units/OU=Users/CN=stuli/CN=785163/CN=Santona Tuli_cmsweb.cern.ch for credential name
DEBUG 2017-08-16 02:05:20,574: 	 Executing : 
 command : myproxy-info -l b8d0a9e3095809ee112af3efd8e88ba1600a3897 -s myproxy.cern.ch
 output : username: b8d0a9e3095809ee112af3efd8e88ba1600a3897
owner: /DC=ch/DC=cern/OU=Organic Units/OU=Users/CN=stuli/CN=785163/CN=Santona Tuli
  renewal policy: /DC=ch/DC=cern/OU=computers/CN=vocms(045|052|021|031|0118|0118a|0119|0108|0105|0109).cern.ch
  trusted retrieval policy: /DC=ch/DC=cern/OU=computers/CN=vocms(045|052|021|031|0118|0118a|0119|0108|0105|0109).cern.ch
  timeleft: 717:40:33  (29.9 days)

 error: 
 retcode : 0
DEBUG 2017-08-16 02:05:20,575: 	 Myproxy is valid: 2583633
DEBUG 2017-08-16 02:05:20,575: 	 Command use: submit
DEBUG 2017-08-16 02:05:20,575: 	 Options use: ['-c', 'crabConfig_Analyzer_Ups3S_tuneD6T_5TeV02.py']
DEBUG 2017-08-16 02:05:20,970: 	 CRABClient version: 3.3.1707.patch1
DEBUG 2017-08-16 02:05:20,970: 	 Instance is prod
DEBUG 2017-08-16 02:05:20,970: 	 Server base url is cmsweb.cern.ch
DEBUG 2017-08-16 02:05:20,970: 	 Command url /crabserver/prod/workflow
DEBUG 2017-08-16 02:05:20,971: 	 Started submission
DEBUG 2017-08-16 02:05:20,971: 	 Working on /afs/cern.ch/work/s/stuli/public/OniaSkim2013/OniaSkimCode_Santona/CMSSW_5_3_27/src/OniaTree/crab_projects/crab_Analyzer_Ups3S_tuneD6T_5TeV02
DEBUG 2017-08-16 02:05:21,423: 	 Loading required information from the environment
DEBUG 2017-08-16 02:05:21,423: 	 Found CMSSW_5_3_27 for slc6_amd64_gcc472 with base /afs/cern.ch/work/s/stuli/public/OniaSkim2013/OniaSkimCode_Santona/CMSSW_5_3_27
DEBUG 2017-08-16 02:05:21,423: 	 Loading required information from the environment
DEBUG 2017-08-16 02:05:21,423: 	 Found CMSSW_5_3_27 for slc6_amd64_gcc472 with base /afs/cern.ch/work/s/stuli/public/OniaSkim2013/OniaSkimCode_Santona/CMSSW_5_3_27
DEBUG 2017-08-16 02:05:21,436: 	 UNIQUE NAME: tarUUID dd624482-342b-4621-bf22-3d98ddfc8529 
DEBUG 2017-08-16 02:05:21,437: 	 self.config: from WMCore.Configuration import Configuration
config = Configuration()
config.section_('General')
config.General.transferLogs = True
config.General.transferOutputs = True
config.General.workArea = 'crab_projects'
config.General.requestName = 'Analyzer_Ups3S_tuneD6T_5TeV02'
config.section_('JobType')
config.JobType.psetName = 'hioniaanalyzer3S_cfg.py'
config.JobType.pluginName = 'Analysis'
config.JobType.outputFiles = ['Upsilon3S_tuneD6T_5TeV02.root']
config.section_('Data')
config.Data.inputDataset = '/PYTHIA6_Upsilon3S_tuneD6T_5TeV02/stuli-Ups3S_tuneD6T_5TeV02-c33dc9ac7d7d0e1f5eed45ebf52f99b5/USER'
config.Data.publication = False
config.Data.unitsPerJob = 1
config.Data.inputDBS = 'phys03'
config.Data.splitting = 'FileBased'
config.Data.outLFNDirBase = '/store/group/phys_heavyions/stuli/MCpPb5TeV02'
config.section_('Site')
config.Site.storageSite = 'T2_CH_CERN'
config.section_('User')
config.section_('Debug')

DEBUG 2017-08-16 02:05:21,437: 	 self.config.JobType.psetName: hioniaanalyzer3S_cfg.py
INFO 2017-08-16 02:05:21,437: 	 Importing CMSSW configuration hioniaanalyzer3S_cfg.py
INFO 2017-08-16 02:05:21,583: 	 Finished importing CMSSW configuration hioniaanalyzer3S_cfg.py
DEBUG 2017-08-16 02:05:21,583: 	 Writing CMSSW configuration to /afs/cern.ch/work/s/stuli/public/OniaSkim2013/OniaSkimCode_Santona/CMSSW_5_3_27/src/OniaTree/crab_projects/crab_Analyzer_Ups3S_tuneD6T_5TeV02/inputs/PSet.py
DEBUG 2017-08-16 02:05:21,629: 	 The following EDM output files will be collected: []
DEBUG 2017-08-16 02:05:21,629: 	 The following TFile output files will be collected: []
DEBUG 2017-08-16 02:05:21,629: 	 The following user output files will be collected: ['Upsilon3S_tuneD6T_5TeV02.root']
DEBUG 2017-08-16 02:05:21,629: 	 Loading required information from the environment
DEBUG 2017-08-16 02:05:21,629: 	 Found CMSSW_5_3_27 for slc6_amd64_gcc472 with base /afs/cern.ch/work/s/stuli/public/OniaSkim2013/OniaSkimCode_Santona/CMSSW_5_3_27
DEBUG 2017-08-16 02:05:21,629: 	 Making tarball in /afs/cern.ch/work/s/stuli/public/OniaSkim2013/OniaSkimCode_Santona/CMSSW_5_3_27/src/OniaTree/crab_projects/crab_Analyzer_Ups3S_tuneD6T_5TeV02/inputs/dd624482-342b-4621-bf22-3d98ddfc8529default.tgz
DEBUG 2017-08-16 02:05:21,648: 	 Checking directory /afs/cern.ch/work/s/stuli/public/OniaSkim2013/OniaSkimCode_Santona/CMSSW_5_3_27/lib
DEBUG 2017-08-16 02:05:21,648: 	 Adding directory /afs/cern.ch/work/s/stuli/public/OniaSkim2013/OniaSkimCode_Santona/CMSSW_5_3_27/lib to tarball
DEBUG 2017-08-16 02:05:22,697: 	 Checking directory /afs/cern.ch/work/s/stuli/public/OniaSkim2013/OniaSkimCode_Santona/CMSSW_5_3_27/biglib
DEBUG 2017-08-16 02:05:22,697: 	 Adding directory /afs/cern.ch/work/s/stuli/public/OniaSkim2013/OniaSkimCode_Santona/CMSSW_5_3_27/biglib to tarball
DEBUG 2017-08-16 02:05:22,699: 	 Checking directory /afs/cern.ch/work/s/stuli/public/OniaSkim2013/OniaSkimCode_Santona/CMSSW_5_3_27/module
DEBUG 2017-08-16 02:05:22,838: 	 Adding data directory /afs/cern.ch/work/s/stuli/public/OniaSkim2013/OniaSkimCode_Santona/CMSSW_5_3_27/src/HiAnalysis/HiOnia/interface to tarball
DEBUG 2017-08-16 02:05:22,848: 	 Adding data directory /afs/cern.ch/work/s/stuli/public/OniaSkim2013/OniaSkimCode_Santona/CMSSW_5_3_27/src/HiSkim/HiOnia2MuMu/interface to tarball
DEBUG 2017-08-16 02:05:22,865: 	 Adding data directory /afs/cern.ch/work/s/stuli/public/OniaSkim2013/OniaSkimCode_Santona/CMSSW_5_3_27/src/DataFormats/HeavyIonEvent/interface to tarball
DEBUG 2017-08-16 02:05:22,885: 	 Adding data directory /afs/cern.ch/work/s/stuli/public/OniaSkim2013/OniaSkimCode_Santona/CMSSW_5_3_27/src/HeavyIonsAnalysis/Configuration/data to tarball
DEBUG 2017-08-16 02:05:22,914: 	 Adding data directory /afs/cern.ch/work/s/stuli/public/OniaSkim2013/OniaSkimCode_Santona/CMSSW_5_3_27/src/MuonAnalysis/TagAndProbe/interface to tarball
DEBUG 2017-08-16 02:05:22,930: 	 Adding data directory /afs/cern.ch/work/s/stuli/public/OniaSkim2013/OniaSkimCode_Santona/CMSSW_5_3_27/src/RecoHI/HiCentralityAlgos/data to tarball
DEBUG 2017-08-16 02:05:23,078: 	 Adding data directory /afs/cern.ch/work/s/stuli/public/OniaSkim2013/OniaSkimCode_Santona/CMSSW_5_3_27/src/RecoHI/HiCentralityAlgos/interface to tarball
DEBUG 2017-08-16 02:05:23,092: 	 Adding data directory /afs/cern.ch/work/s/stuli/public/OniaSkim2013/OniaSkimCode_Santona/CMSSW_5_3_27/src/RecoVertex/PrimaryVertexProducer/interface to tarball
DEBUG 2017-08-16 02:05:23,135: 	 Uploading archive /afs/cern.ch/work/s/stuli/public/OniaSkim2013/OniaSkimCode_Santona/CMSSW_5_3_27/src/OniaTree/crab_projects/crab_Analyzer_Ups3S_tuneD6T_5TeV02/inputs/dd624482-342b-4621-bf22-3d98ddfc8529default.tgz (1.385742.1 MB) to the CRAB cache. Using URI https://cmsweb.cern.ch/crabcache
DEBUG 2017-08-16 02:05:24,845: 	 Loading required information from the environment
DEBUG 2017-08-16 02:05:24,845: 	 Found CMSSW_5_3_27 for slc6_amd64_gcc472 with base /afs/cern.ch/work/s/stuli/public/OniaSkim2013/OniaSkimCode_Santona/CMSSW_5_3_27
DEBUG 2017-08-16 02:05:24,845: 	 Making tarball in /afs/cern.ch/work/s/stuli/public/OniaSkim2013/OniaSkimCode_Santona/CMSSW_5_3_27/src/OniaTree/crab_projects/crab_Analyzer_Ups3S_tuneD6T_5TeV02/inputs/debugFiles.tgz
DEBUG 2017-08-16 02:05:24,851: 	 Uploading archive /afs/cern.ch/work/s/stuli/public/OniaSkim2013/OniaSkimCode_Santona/CMSSW_5_3_27/src/OniaTree/crab_projects/crab_Analyzer_Ups3S_tuneD6T_5TeV02/inputs/debugFiles.tgz (2 KB) to the CRAB cache. Using URI https://cmsweb.cern.ch/crabcache
DEBUG 2017-08-16 02:05:25,245: 	 Result uploading input files: 7afae7782d26ee910287124274f9494369de0019d6571150d2e8ab76186ed537.tar.gz 
INFO 2017-08-16 02:05:25,245: 	 Sending the request to the server
DEBUG 2017-08-16 02:05:25,246: 	 Submitting {'maxjobruntime': 1250, 'extrajdl': [], 'ignorelocality': 0, 'savelogsflag': 1, 'useparent': 0, 'asyncdest': 'T2_CH_CERN', 'algoargs': 1, 'cachefilename': '7afae7782d26ee910287124274f9494369de0019d6571150d2e8ab76186ed537.tar.gz', 'numcores': 1, 'addoutputfiles': ['Upsilon3S_tuneD6T_5TeV02.root'], 'generator': 'pythia', 'maxmemory': 2000, 'publishdbsurl': 'https://cmsweb.cern.ch/dbs/prod/phys03/DBSWriter', 'priority': 10, 'jobsw': 'CMSSW_5_3_27', 'edmoutfiles': [], 'userfiles': [], 'primarydataset': '', 'inputdata': '/PYTHIA6_Upsilon3S_tuneD6T_5TeV02/stuli-Ups3S_tuneD6T_5TeV02-c33dc9ac7d7d0e1f5eed45ebf52f99b5/USER', 'lfn': '/store/group/phys_heavyions/stuli/MCpPb5TeV02', 'dryrun': 0, 'workflow': 'crab_Analyzer_Ups3S_tuneD6T_5TeV02', 'cacheurl': u'https://cmsweb.cern.ch/crabcache', 'nonprodsw': 0, 'tfileoutfiles': [], 'oneEventMode': 0, 'debugfilename': '79d143ee3c6698b783d58de48784901f7e4ec519bd6b4d028e172f43eca9802f.tar.gz', 'saveoutput': 1, 'publication': 0, 'jobarch': 'slc6_amd64_gcc472', 'totalunits': 0, 'splitalgo': 'FileBased', 'ignoreglobalblacklist': 0, 'nonvaliddata': 0, 'dbsurl': 'https://cmsweb.cern.ch/dbs/prod/phys03/DBSReader', 'publishgroupname': 0, 'jobtype': 'Analysis', 'publishname2': ''} 
DEBUG 2017-08-16 02:05:25,246: 	 Encoded submit request: maxjobruntime=1250&ignorelocality=0&savelogsflag=1&useparent=0&asyncdest=T2_CH_CERN&algoargs=1&cachefilename=7afae7782d26ee910287124274f9494369de0019d6571150d2e8ab76186ed537.tar.gz&numcores=1&generator=pythia&maxmemory=2000&publishdbsurl=https%3A%2F%2Fcmsweb.cern.ch%2Fdbs%2Fprod%2Fphys03%2FDBSWriter&priority=10&jobsw=CMSSW_5_3_27&primarydataset=&inputdata=%2FPYTHIA6_Upsilon3S_tuneD6T_5TeV02%2Fstuli-Ups3S_tuneD6T_5TeV02-c33dc9ac7d7d0e1f5eed45ebf52f99b5%2FUSER&lfn=%2Fstore%2Fgroup%2Fphys_heavyions%2Fstuli%2FMCpPb5TeV02&dryrun=0&workflow=crab_Analyzer_Ups3S_tuneD6T_5TeV02&cacheurl=https%3A%2F%2Fcmsweb.cern.ch%2Fcrabcache&nonprodsw=0&oneEventMode=0&debugfilename=79d143ee3c6698b783d58de48784901f7e4ec519bd6b4d028e172f43eca9802f.tar.gz&saveoutput=1&publication=0&jobarch=slc6_amd64_gcc472&totalunits=0&splitalgo=FileBased&ignoreglobalblacklist=0&nonvaliddata=0&dbsurl=https%3A%2F%2Fcmsweb.cern.ch%2Fdbs%2Fprod%2Fphys03%2FDBSReader&publishgroupname=0&jobtype=Analysis&publishname2=&addoutputfiles=Upsilon3S_tuneD6T_5TeV02.root
DEBUG 2017-08-16 02:05:25,970: 	 Result: {u'result': [{u'RequestName': u'170816_000525:stuli_crab_Analyzer_Ups3S_tuneD6T_5TeV02'}]}
INFO 2017-08-16 02:05:25,973: 	 Success: Your task has been delivered to the CRAB3 server.
INFO 2017-08-16 02:05:25,973: 	 Task name: 170816_000525:stuli_crab_Analyzer_Ups3S_tuneD6T_5TeV02
INFO 2017-08-16 02:05:25,973: 	 Please use 'crab status' to check how the submission process proceeds.
DEBUG 2017-08-16 02:05:25,973: 	 About to return
INFO 2017-08-16 02:05:25,976: 	 Log file is /afs/cern.ch/work/s/stuli/public/OniaSkim2013/OniaSkimCode_Santona/CMSSW_5_3_27/src/OniaTree/crab_projects/crab_Analyzer_Ups3S_tuneD6T_5TeV02/crab.log
DEBUG 2017-08-16 03:17:55,489: 	 Executing command: 'status'
DEBUG 2017-08-16 03:17:55,489: 	 Found CRAB cache file /afs/cern.ch/user/s/stuli/.crab3
DEBUG 2017-08-16 03:17:55,497: 	 Checking credentials
DEBUG 2017-08-16 03:17:55,498: 	 Found proxy file /tmp/x509up_u88975
DEBUG 2017-08-16 03:17:55,498: 	 Getting proxy life time left
DEBUG 2017-08-16 03:17:56,510: 	 Executing : 
 command : voms-proxy-info -file /tmp/x509up_u88975 -timeleft
 output : 168418

 error: 
 retcode : 0
DEBUG 2017-08-16 03:17:57,640: 	 Executing : 
 command : voms-proxy-info -file /tmp/x509up_u88975 -actimeleft
 output : 168417

 error: 
 retcode : 0
DEBUG 2017-08-16 03:17:57,640: 	 Proxy valid for 46:46:58 hours
DEBUG 2017-08-16 03:17:57,755: 	 Executing : 
 command : openssl x509 -in ~/.globus/usercert.pem -subject -noout
 output : subject= /DC=ch/DC=cern/OU=Organic Units/OU=Users/CN=stuli/CN=785163/CN=Santona Tuli

 error: 
 retcode : 0
DEBUG 2017-08-16 03:17:57,755: 	 Checking credentials
DEBUG 2017-08-16 03:17:57,756: 	 Found proxy file /tmp/x509up_u88975
DEBUG 2017-08-16 03:17:57,756: 	 Getting proxy life time left
DEBUG 2017-08-16 03:17:58,682: 	 Executing : 
 command : voms-proxy-info -file /tmp/x509up_u88975 -timeleft
 output : 168416

 error: 
 retcode : 0
DEBUG 2017-08-16 03:17:59,392: 	 Executing : 
 command : voms-proxy-info -file /tmp/x509up_u88975 -actimeleft
 output : 168415

 error: 
 retcode : 0
DEBUG 2017-08-16 03:17:59,393: 	 Proxy valid for 46:46:56 hours
DEBUG 2017-08-16 03:17:59,873: 	 Registering user credentials for server /DC=ch/DC=cern/OU=computers/CN=vocms(045|052|021|031|0118|0118a|0119|0108|0105|0109).cern.ch
DEBUG 2017-08-16 03:17:59,979: 	 Executing : 
 command : openssl x509 -in ~/.globus/usercert.pem -subject -noout
 output : subject= /DC=ch/DC=cern/OU=Organic Units/OU=Users/CN=stuli/CN=785163/CN=Santona Tuli

 error: 
 retcode : 0
DEBUG 2017-08-16 03:17:59,979: 	 Getting myproxy life time left for myproxy.cern.ch
DEBUG 2017-08-16 03:17:59,979: 	 Calculating hash of /DC=ch/DC=cern/OU=Organic Units/OU=Users/CN=stuli/CN=785163/CN=Santona Tuli_cmsweb.cern.ch for credential name
DEBUG 2017-08-16 03:18:00,282: 	 Executing : 
 command : myproxy-info -l b8d0a9e3095809ee112af3efd8e88ba1600a3897 -s myproxy.cern.ch
 output : username: b8d0a9e3095809ee112af3efd8e88ba1600a3897
owner: /DC=ch/DC=cern/OU=Organic Units/OU=Users/CN=stuli/CN=785163/CN=Santona Tuli
  renewal policy: /DC=ch/DC=cern/OU=computers/CN=vocms(045|052|021|031|0118|0118a|0119|0108|0105|0109).cern.ch
  trusted retrieval policy: /DC=ch/DC=cern/OU=computers/CN=vocms(045|052|021|031|0118|0118a|0119|0108|0105|0109).cern.ch
  timeleft: 716:27:53  (29.9 days)

 error: 
 retcode : 0
DEBUG 2017-08-16 03:18:00,283: 	 Myproxy is valid: 2579273
DEBUG 2017-08-16 03:18:00,283: 	 Command use: status
DEBUG 2017-08-16 03:18:00,283: 	 Options use: ['-d', 'crab_projects/crab_Analyzer_Ups3S_tuneD6T_5TeV02/']
DEBUG 2017-08-16 03:18:00,689: 	 CRABClient version: 3.3.1707.patch1
DEBUG 2017-08-16 03:18:00,689: 	 Instance is prod
DEBUG 2017-08-16 03:18:00,689: 	 Server base url is cmsweb.cern.ch
DEBUG 2017-08-16 03:18:00,689: 	 Command url /crabserver/prod/workflow
DEBUG 2017-08-16 03:18:01,142: 	 Got information from server oracle database: {u'result': [u'170816_000525:stuli_crab_Analyzer_Ups3S_tuneD6T_5TeV02', u'None', u'SUBMITTED', u'2017-08-16 00:05:25.963917', u'None', u'2017-08-16 00:06:39.559406', u'None', u'CMSSW_5_3_27', u'slc6_amd64_gcc472', u'/PYTHIA6_Upsilon3S_tuneD6T_5TeV02/stuli-Ups3S_tuneD6T_5TeV02-c33dc9ac7d7d0e1f5eed45ebf52f99b5/USER', u'[]', u'[]', u'FileBased', u"{'splitOnRun': False, 'halt_job_on_file_boundaries': False, 'files_per_job': 1, 'runs': [], 'lumis': []}", u'0', u'7afae7782d26ee910287124274f9494369de0019d6571150d2e8ab76186ed537.tar.gz', u'https://cmsweb.cern.ch/crabcache', u'stuli', u'/DC=ch/DC=cern/OU=Organic Units/OU=Users/CN=stuli/CN=785163/CN=Santona Tuli', u'cms', u'None', u'None', u'crab_Analyzer_Ups3S_tuneD6T_5TeV02-00000000000000000000000000000000', u'T2_CH_CERN', u'https://cmsweb.cern.ch/dbs/prod/phys03/DBSReader', u'https://cmsweb.cern.ch/dbs/prod/phys03/DBSWriter', u'F', u'Analysis', u'{}', u'[]', u'T', u'vocms052', u'[]', u'1250', u'1', u'2000', u'10', u'None', u'http://vocms0194.cern.ch/mon/cms1771/170816_000525:stuli_crab_Analyzer_Ups3S_tuneD6T_5TeV02', u'None', u'None', u'[]', u'[]', u'[]', u'pythia', u"['Upsilon3S_tuneD6T_5TeV02.root']", u'[]', u'[]', u'https://cmsweb.cern.ch/crabserver/prod', u'None', u'0', u'cmsgwms-collector-global.cern.ch:9620,cmssrv221.fnal.gov:9620', u'crab3@vocms0194.cern.ch', u'F', u'[]', u'T', u'/store/group/phys_heavyions/stuli/MCpPb5TeV02', u'F', u'None', u'F', u'F', u'F', u'None', u'PYTHIA6_Upsilon3S_tuneD6T_5TeV02', u'filetransfers', u'SUBMIT', u'10095370', u'79d143ee3c6698b783d58de48784901f7e4ec519bd6b4d028e172f43eca9802f.tar.gz', u'188.184.93.162', u'F', u'None'], u'desc': {u'columns': [u'tm_taskname', u'panda_jobset_id', u'tm_task_status', u'tm_start_time', u'tm_start_injection', u'tm_end_injection', u'tm_task_failure', u'tm_job_sw', u'tm_job_arch', u'tm_input_dataset', u'tm_site_whitelist', u'tm_site_blacklist', u'tm_split_algo', u'tm_split_args', u'tm_totalunits', u'tm_user_sandbox', u'tm_cache_url', u'tm_username', u'tm_user_dn', u'tm_user_vo', u'tm_user_role', u'tm_user_group', u'tm_publish_name', u'tm_asyncdest', u'tm_dbs_url', u'tm_publish_dbs_url', u'tm_publication', u'tm_job_type', u'tm_arguments', u'panda_resubmitted_jobs', u'tm_save_logs', u'tw_name', u'tm_user_infiles', u'tm_maxjobruntime', u'tm_numcores', u'tm_maxmemory', u'tm_priority', u'tm_output_dataset', u'tm_user_webdir', u'tm_activity', u'tm_scriptexe', u'tm_scriptargs', u'tm_extrajdl', u'tm_task_warnings', u'tm_generator', u'tm_outfiles', u'tm_tfile_outfiles', u'tm_edm_outfiles', u'tm_asourl', u'tm_events_per_lumi', u'tm_use_parent', u'tm_collector', u'tm_schedd', u'tm_dry_run', u'tm_user_files', u'tm_transfer_outputs', u'tm_output_lfn', u'tm_ignore_locality', u'tm_fail_limit', u'tm_one_event_mode', u'tm_publish_groupname', u'tm_nonvalid_input_dataset', u'tm_secondary_input_dataset', u'tm_primary_dataset', u'tm_asodb', u'tm_task_command', u'clusterid', u'tm_debug_files', u'tm_submitter_ip_addr', u'tm_ignore_global_blacklist', u'tm_last_publication']}}
INFO 2017-08-16 03:18:01,142: 	 CRAB project directory:		/afs/cern.ch/work/s/stuli/public/OniaSkim2013/OniaSkimCode_Santona/CMSSW_5_3_27/src/OniaTree/crab_projects/crab_Analyzer_Ups3S_tuneD6T_5TeV02
INFO 2017-08-16 03:18:01,142: 	 Task name:			170816_000525:stuli_crab_Analyzer_Ups3S_tuneD6T_5TeV02
INFO 2017-08-16 03:18:01,143: 	 Grid scheduler:			crab3@vocms0194.cern.ch
INFO 2017-08-16 03:18:01,143: 	 Status on the CRAB server:	SUBMITTED
INFO 2017-08-16 03:18:01,143: 	 Task URL to use for HELP:	https://cmsweb.cern.ch/crabserver/ui/task/170816_000525%3Astuli_crab_Analyzer_Ups3S_tuneD6T_5TeV02
INFO 2017-08-16 03:18:01,143: 	 Dashboard monitoring URL:	http://dashb-cms-job.cern.ch/dashboard/templates/task-analysis/#user=stuli&refresh=0&table=Jobs&p=1&records=25&activemenu=2&status=&site=&tid=170816_000525%3Astuli_crab_Analyzer_Ups3S_tuneD6T_5TeV02
DEBUG 2017-08-16 03:18:01,143: 	 The CRAB server submitted your task to the Grid scheduler (cluster ID: 10095370)
DEBUG 2017-08-16 03:18:01,143: 	 Webdir is located at http://vocms0194.cern.ch/mon/cms1771/170816_000525:stuli_crab_Analyzer_Ups3S_tuneD6T_5TeV02
DEBUG 2017-08-16 03:18:01,612: 	 Proxied webdir is located at https://cmsweb.cern.ch/scheddmon/0194/cms1771/170816_000525:stuli_crab_Analyzer_Ups3S_tuneD6T_5TeV02
DEBUG 2017-08-16 03:18:01,612: 	 Retrieving 'status_cache' file from https://cmsweb.cern.ch/scheddmon/0194/cms1771/170816_000525:stuli_crab_Analyzer_Ups3S_tuneD6T_5TeV02/status_cache
DEBUG 2017-08-16 03:18:02,107: 	 Got information from status cache file: {'133': {'Retries': 0, 'WallDurations': [9.0, 138.0], 'StartTimes': [1502842861.0], 'SubmitTimes': [1502842049.0], 'JobIds': ['10095504.0'], 'EndTimes': [1502842999.0], 'Restarts': 0, 'RecordedSite': True, 'State': 'finished', 'ResidentSetSize': [2676], 'TotalUserCpuTimeHistory': [52], 'SiteHistory': ['Unknown', 'T2_CH_CERN'], 'TotalSysCpuTimeHistory': [6]}, '132': {'Retries': 0, 'WallDurations': [9.0, 175.0], 'StartTimes': [1502842855.0], 'SubmitTimes': [1502842049.0], 'JobIds': ['10095505.0'], 'EndTimes': [1502843030.0], 'Restarts': 0, 'RecordedSite': True, 'State': 'finished', 'ResidentSetSize': [20052], 'TotalUserCpuTimeHistory': [73], 'SiteHistory': ['Unknown', 'T2_CH_CERN'], 'TotalSysCpuTimeHistory': [3]}, '131': {'Retries': 0, 'WallDurations': [70.0, 99.388564109802246], 'StartTimes': [1502842856.0], 'SubmitTimes': [1502842049.0], 'JobIds': ['10095503.0'], 'EndTimes': [1502842926.0], 'Restarts': 0, 'RecordedSite': True, 'State': 'finished', 'ResidentSetSize': [18112], 'TotalUserCpuTimeHistory': [42], 'SiteHistory': ['Unknown', 'T2_CH_CERN'], 'TotalSysCpuTimeHistory': [2]}, '130': {'Retries': 0, 'WallDurations': [8.0, 192.0], 'StartTimes': [1502842855.0], 'SubmitTimes': [1502842048.0], 'JobIds': ['10095502.0'], 'EndTimes': [1502843047.0], 'Restarts': 0, 'RecordedSite': True, 'State': 'finished', 'ResidentSetSize': [2572], 'TotalUserCpuTimeHistory': [71], 'SiteHistory': ['Unknown', 'T2_CH_CERN'], 'TotalSysCpuTimeHistory': [4]}, '137': {'Retries': 0, 'WallDurations': [94.0, 103.3357629776001], 'StartTimes': [1502843153.0], 'SubmitTimes': [1502842049.0], 'JobIds': ['10095509.0'], 'EndTimes': [1502843247.0], 'Restarts': 0, 'RecordedSite': True, 'State': 'finished', 'ResidentSetSize': [89996], 'TotalUserCpuTimeHistory': [26], 'SiteHistory': ['Unknown', 'T2_CH_CERN'], 'TotalSysCpuTimeHistory': [1]}, '136': {'Retries': 0, 'WallDurations': [9.0, 386.0], 'StartTimes': [1502842856.0], 'SubmitTimes': [1502842049.0], 'JobIds': ['10095508.0'], 'EndTimes': [1502843242.0], 'Restarts': 0, 'RecordedSite': True, 'State': 'finished', 'ResidentSetSize': [1041556], 'TotalUserCpuTimeHistory': [106], 'SiteHistory': ['Unknown', 'T2_CH_CERN'], 'TotalSysCpuTimeHistory': [5]}, '135': {'Retries': 0, 'WallDurations': [72.0, 100.38856410980225], 'StartTimes': [1502842855.0], 'SubmitTimes': [1502842049.0], 'JobIds': ['10095507.0'], 'EndTimes': [1502842927.0], 'Restarts': 0, 'RecordedSite': True, 'State': 'finished', 'ResidentSetSize': [2572], 'TotalUserCpuTimeHistory': [36], 'SiteHistory': ['Unknown', 'T2_CH_CERN'], 'TotalSysCpuTimeHistory': [2]}, '134': {'Retries': 0, 'WallDurations': [8.0, 286.0], 'StartTimes': [1502842856.0], 'SubmitTimes': [1502842049.0], 'JobIds': ['10095506.0'], 'EndTimes': [1502843142.0], 'Restarts': 0, 'RecordedSite': True, 'State': 'finished', 'ResidentSetSize': [18916], 'TotalUserCpuTimeHistory': [41], 'SiteHistory': ['Unknown', 'T2_CH_CERN'], 'TotalSysCpuTimeHistory': [5]}, '139': {'Retries': 0, 'WallDurations': [76.0, 100.38856410980225], 'StartTimes': [1502842855.0], 'SubmitTimes': [1502842055.0], 'JobIds': ['10095511.0'], 'EndTimes': [1502842931.0], 'Restarts': 0, 'RecordedSite': True, 'State': 'finished', 'ResidentSetSize': [2572], 'TotalUserCpuTimeHistory': [33], 'SiteHistory': ['Unknown', 'T2_CH_CERN'], 'TotalSysCpuTimeHistory': [2]}, '138': {'Retries': 0, 'WallDurations': [9.0, 149.0], 'StartTimes': [1502842858.0], 'SubmitTimes': [1502842050.0], 'JobIds': ['10095510.0'], 'EndTimes': [1502843007.0], 'Restarts': 0, 'RecordedSite': True, 'State': 'finished', 'ResidentSetSize': [13196], 'TotalUserCpuTimeHistory': [43], 'SiteHistory': ['Unknown', 'T2_CH_CERN'], 'TotalSysCpuTimeHistory': [2]}, '24': {'Retries': 0, 'WallDurations': [90.0, 119.03263092041016], 'StartTimes': [1502842236.0], 'SubmitTimes': [1502842002.0], 'JobIds': ['10095393.0'], 'EndTimes': [1502842326.0], 'Restarts': 0, 'RecordedSite': True, 'State': 'finished', 'ResidentSetSize': [2600], 'TotalUserCpuTimeHistory': [33], 'SiteHistory': ['Unknown', 'T2_CH_CERN'], 'TotalSysCpuTimeHistory': [2]}, '25': {'Retries': 0, 'WallDurations': [51.0, 198.20761799812317], 'StartTimes': [1502842457.0], 'SubmitTimes': [1502842003.0], 'JobIds': ['10095394.0'], 'EndTimes': [1502842508.0], 'Restarts': 0, 'RecordedSite': True, 'State': 'finished', 'ResidentSetSize': [2560], 'TotalUserCpuTimeHistory': [26], 'SiteHistory': ['Unknown', 'T2_CH_CERN'], 'TotalSysCpuTimeHistory': [1]}, '26': {'Retries': 0, 'WallDurations': [135.0, 198.20761799812317], 'StartTimes': [1502842457.0], 'SubmitTimes': [1502842003.0], 'JobIds': ['10095395.0'], 'EndTimes': [1502842592.0], 'Restarts': 0, 'RecordedSite': True, 'State': 'finished', 'ResidentSetSize': [129964], 'TotalUserCpuTimeHistory': [39], 'SiteHistory': ['Unknown', 'T2_CH_CERN'], 'TotalSysCpuTimeHistory': [2]}, '27': {'Retries': 0, 'WallDurations': [98.0, 197.20761799812317], 'StartTimes': [1502842458.0], 'SubmitTimes': [1502842003.0], 'JobIds': ['10095397.0'], 'EndTimes': [1502842556.0], 'Restarts': 0, 'RecordedSite': True, 'State': 'finished', 'ResidentSetSize': [2568], 'TotalUserCpuTimeHistory': [31], 'SiteHistory': ['Unknown', 'T2_CH_CERN'], 'TotalSysCpuTimeHistory': [2]}, '20': {'Retries': 0, 'WallDurations': [116.0, 201.20761799812317], 'StartTimes': [1502842454.0], 'SubmitTimes': [1502842001.0], 'JobIds': ['10095391.0'], 'EndTimes': [1502842570.0], 'Restarts': 0, 'RecordedSite': True, 'State': 'finished', 'ResidentSetSize': [120108], 'TotalUserCpuTimeHistory': [40], 'SiteHistory': ['Unknown', 'T2_CH_CERN'], 'TotalSysCpuTimeHistory': [2]}, '21': {'Retries': 0, 'WallDurations': [73.0, 96.388564109802246], 'StartTimes': [1502842859.0], 'SubmitTimes': [1502842056.0], 'JobIds': ['10095519.0'], 'EndTimes': [1502842932.0], 'Restarts': 0, 'RecordedSite': True, 'State': 'finished', 'ResidentSetSize': [2636], 'TotalUserCpuTimeHistory': [31], 'SiteHistory': ['Unknown', 'T2_CH_CERN'], 'TotalSysCpuTimeHistory': [2]}, '22': {'Retries': 0, 'WallDurations': [92.0, 196.20761799812317], 'StartTimes': [1502842459.0], 'SubmitTimes': [1502842003.0], 'JobIds': ['10095396.0'], 'EndTimes': [1502842551.0], 'Restarts': 0, 'RecordedSite': True, 'State': 'finished', 'ResidentSetSize': [2564], 'TotalUserCpuTimeHistory': [40], 'SiteHistory': ['Unknown', 'T2_CH_CERN'], 'TotalSysCpuTimeHistory': [2]}, '23': {'Retries': 0, 'WallDurations': [89.0, 126.03263092041016], 'StartTimes': [1502842229.0], 'SubmitTimes': [1502842002.0], 'JobIds': ['10095392.0'], 'EndTimes': [1502842318.0], 'Restarts': 0, 'RecordedSite': True, 'State': 'finished', 'ResidentSetSize': [134320], 'TotalUserCpuTimeHistory': [29], 'SiteHistory': ['Unknown', 'T2_CH_CERN'], 'TotalSysCpuTimeHistory': [1]}, '28': {'Retries': 0, 'WallDurations': [8.0, 109.0], 'StartTimes': [1502842276.0], 'SubmitTimes': [1502842003.0], 'JobIds': ['10095398.0'], 'EndTimes': [1502842385.0], 'Restarts': 0, 'RecordedSite': True, 'State': 'finished', 'ResidentSetSize': [19696], 'TotalUserCpuTimeHistory': [35], 'SiteHistory': ['Unknown', 'T2_CH_CERN'], 'TotalSysCpuTimeHistory': [2]}, '29': {'Retries': 0, 'WallDurations': [9.0, 143.0], 'StartTimes': [1502842287.0], 'SubmitTimes': [1502842004.0], 'JobIds': ['10095399.0'], 'EndTimes': [1502842430.0], 'Restarts': 0, 'RecordedSite': True, 'State': 'finished', 'ResidentSetSize': [28584], 'TotalUserCpuTimeHistory': [44], 'SiteHistory': ['Unknown', 'T2_CH_CERN'], 'TotalSysCpuTimeHistory': [2]}, '4': {'Retries': 0, 'WallDurations': [8.0, 111.0], 'StartTimes': [1502843155.0], 'SubmitTimes': [1502842000.0], 'JobIds': ['10095377.0'], 'EndTimes': [1502843266.0], 'Restarts': 0, 'RecordedSite': True, 'State': 'finished', 'ResidentSetSize': [117688], 'TotalUserCpuTimeHistory': [40], 'SiteHistory': ['Unknown', 'T2_CH_CERN'], 'TotalSysCpuTimeHistory': [2]}, '8': {'Retries': 0, 'WallDurations': [128.0, 198.03263092041016], 'StartTimes': [1502842157.0], 'SubmitTimes': [1502842000.0], 'JobIds': ['10095372.0'], 'EndTimes': [1502842285.0], 'Restarts': 0, 'RecordedSite': True, 'State': 'finished', 'ResidentSetSize': [2612], 'TotalUserCpuTimeHistory': [47], 'SiteHistory': ['Unknown', 'T2_CH_CERN'], 'TotalSysCpuTimeHistory': [2]}, '120': {'Retries': 0, 'WallDurations': [69.0, 103.3357629776001], 'StartTimes': [1502843153.0], 'SubmitTimes': [1502842044.0], 'JobIds': ['10095494.0'], 'EndTimes': [1502843222.0], 'Restarts': 0, 'RecordedSite': True, 'State': 'finished', 'ResidentSetSize': [2576], 'TotalUserCpuTimeHistory': [40], 'SiteHistory': ['Unknown', 'T2_CH_CERN'], 'TotalSysCpuTimeHistory': [2]}, '121': {'Retries': 0, 'WallDurations': [58.0, 100.38856410980225], 'StartTimes': [1502842855.0], 'SubmitTimes': [1502842047.0], 'JobIds': ['10095496.0'], 'EndTimes': [1502842913.0], 'Restarts': 0, 'RecordedSite': True, 'State': 'finished', 'ResidentSetSize': [2572], 'TotalUserCpuTimeHistory': [23], 'SiteHistory': ['Unknown', 'T2_CH_CERN'], 'TotalSysCpuTimeHistory': [1]}, '122': {'Retries': 0, 'WallDurations': [8.0, 117.0], 'StartTimes': [1502843154.0], 'SubmitTimes': [1502842045.0], 'JobIds': ['10095495.0'], 'EndTimes': [1502843271.0], 'Restarts': 0, 'RecordedSite': True, 'State': 'finished', 'ResidentSetSize': [26204], 'TotalUserCpuTimeHistory': [38], 'SiteHistory': ['Unknown', 'T2_CH_CERN'], 'TotalSysCpuTimeHistory': [2]}, '123': {'Retries': 0, 'WallDurations': [9.0, 135.0], 'StartTimes': [1502843153.0], 'SubmitTimes': [1502842047.0], 'JobIds': ['10095497.0'], 'EndTimes': [1502843288.0], 'Restarts': 0, 'RecordedSite': True, 'State': 'finished', 'ResidentSetSize': [2556], 'TotalUserCpuTimeHistory': [39], 'SiteHistory': ['Unknown', 'T2_CH_CERN'], 'TotalSysCpuTimeHistory': [2]}, '124': {'Retries': 0, 'WallDurations': [9.0, 116.0], 'StartTimes': [1502843154.0], 'SubmitTimes': [1502842047.0], 'JobIds': ['10095498.0'], 'EndTimes': [1502843270.0], 'Restarts': 0, 'RecordedSite': True, 'State': 'finished', 'ResidentSetSize': [29500], 'TotalUserCpuTimeHistory': [43], 'SiteHistory': ['Unknown', 'T2_CH_CERN'], 'TotalSysCpuTimeHistory': [3]}, '125': {'Retries': 0, 'WallDurations': [8.0, 101.0], 'StartTimes': [1502843175.0], 'SubmitTimes': [1502842044.0], 'JobIds': ['10095490.0'], 'EndTimes': [1502843276.0], 'Restarts': 0, 'RecordedSite': True, 'State': 'finished', 'ResidentSetSize': [2608], 'TotalUserCpuTimeHistory': [39], 'SiteHistory': ['Unknown', 'T2_CH_CERN'], 'TotalSysCpuTimeHistory': [2]}, '126': {'Retries': 0, 'WallDurations': [9.0, 121.0], 'StartTimes': [1502843153.0], 'SubmitTimes': [1502842044.0], 'JobIds': ['10095492.0'], 'EndTimes': [1502843274.0], 'Restarts': 0, 'RecordedSite': True, 'State': 'finished', 'ResidentSetSize': [2568], 'TotalUserCpuTimeHistory': [39], 'SiteHistory': ['Unknown', 'T2_CH_CERN'], 'TotalSysCpuTimeHistory': [2]}, '127': {'Retries': 0, 'WallDurations': [101.0, 102.0], 'StartTimes': [1502843154.0], 'SubmitTimes': [1502842048.0], 'JobIds': ['10095499.0'], 'EndTimes': [1502843256.0], 'Restarts': 0, 'RecordedSite': True, 'State': 'finished', 'ResidentSetSize': [202344], 'TotalUserCpuTimeHistory': [36], 'SiteHistory': ['Unknown', 'T2_CH_CERN'], 'TotalSysCpuTimeHistory': [2]}, '128': {'Retries': 0, 'WallDurations': [9.0, 116.0], 'StartTimes': [1502842860.0], 'SubmitTimes': [1502842048.0], 'JobIds': ['10095500.0'], 'EndTimes': [1502842976.0], 'Restarts': 0, 'RecordedSite': True, 'State': 'finished', 'ResidentSetSize': [35348], 'TotalUserCpuTimeHistory': [67], 'SiteHistory': ['Unknown', 'T2_CH_CERN'], 'TotalSysCpuTimeHistory': [4]}, '129': {'Retries': 0, 'WallDurations': [70.0, 102.3357629776001], 'StartTimes': [1502843154.0], 'SubmitTimes': [1502842048.0], 'JobIds': ['10095501.0'], 'EndTimes': [1502843224.0], 'Restarts': 0, 'RecordedSite': True, 'State': 'finished', 'ResidentSetSize': [142580], 'TotalUserCpuTimeHistory': [22], 'SiteHistory': ['Unknown', 'T2_CH_CERN'], 'TotalSysCpuTimeHistory': [1]}, '59': {'Retries': 0, 'WallDurations': [151.0, 173.20761799812317], 'StartTimes': [1502842482.0], 'SubmitTimes': [1502842012.0], 'JobIds': ['10095428.0'], 'EndTimes': [1502842633.0], 'Restarts': 0, 'RecordedSite': True, 'State': 'finished', 'ResidentSetSize': [15704], 'TotalUserCpuTimeHistory': [41], 'SiteHistory': ['Unknown', 'T2_CH_CERN'], 'TotalSysCpuTimeHistory': [3]}, '58': {'Retries': 0, 'WallDurations': [62.0, 144.38856410980225], 'StartTimes': [1502842811.0], 'SubmitTimes': [1502842013.0], 'JobIds': ['10095431.0'], 'EndTimes': [1502842873.0], 'Restarts': 0, 'RecordedSite': True, 'State': 'finished', 'ResidentSetSize': [25204], 'TotalUserCpuTimeHistory': [33], 'SiteHistory': ['Unknown', 'T2_CH_CERN'], 'TotalSysCpuTimeHistory': [2]}, '55': {'Retries': 0, 'WallDurations': [11.0, 247.0], 'StartTimes': [1502842486.0], 'SubmitTimes': [1502842012.0], 'JobIds': ['10095425.0'], 'EndTimes': [1502842733.0], 'Restarts': 0, 'RecordedSite': True, 'State': 'finished', 'ResidentSetSize': [23084], 'TotalUserCpuTimeHistory': [55], 'SiteHistory': ['Unknown', 'T2_CH_CERN'], 'TotalSysCpuTimeHistory': [2]}, '54': {'Retries': 0, 'WallDurations': [94.0, 175.38856410980225], 'StartTimes': [1502842780.0], 'SubmitTimes': [1502842011.0], 'JobIds': ['10095424.0'], 'EndTimes': [1502842874.0], 'Restarts': 0, 'RecordedSite': True, 'State': 'finished', 'ResidentSetSize': [2572], 'TotalUserCpuTimeHistory': [53], 'SiteHistory': ['Unknown', 'T2_CH_CERN'], 'TotalSysCpuTimeHistory': [3]}, '57': {'Retries': 0, 'WallDurations': [97.0, 173.20761799812317], 'StartTimes': [1502842482.0], 'SubmitTimes': [1502842013.0], 'JobIds': ['10095430.0'], 'EndTimes': [1502842579.0], 'Restarts': 0, 'RecordedSite': True, 'State': 'finished', 'ResidentSetSize': [6264], 'TotalUserCpuTimeHistory': [35], 'SiteHistory': ['Unknown', 'T2_CH_CERN'], 'TotalSysCpuTimeHistory': [2]}, '56': {'Retries': 0, 'WallDurations': [99.0, 171.20761799812317], 'StartTimes': [1502842484.0], 'SubmitTimes': [1502842012.0], 'JobIds': ['10095426.0'], 'EndTimes': [1502842583.0], 'Restarts': 0, 'RecordedSite': True, 'State': 'finished', 'ResidentSetSize': [2680], 'TotalUserCpuTimeHistory': [29], 'SiteHistory': ['Unknown', 'T2_CH_CERN'], 'TotalSysCpuTimeHistory': [1]}, '51': {'Retries': 0, 'WallDurations': [57.0, 175.38856410980225], 'StartTimes': [1502842780.0], 'SubmitTimes': [1502842011.0], 'JobIds': ['10095420.0'], 'EndTimes': [1502842837.0], 'Restarts': 0, 'RecordedSite': True, 'State': 'finished', 'ResidentSetSize': [2572], 'TotalUserCpuTimeHistory': [25], 'SiteHistory': ['Unknown', 'T2_CH_CERN'], 'TotalSysCpuTimeHistory': [1]}, '50': {'Retries': 0, 'WallDurations': [74.0, 176.38856410980225], 'StartTimes': [1502842779.0], 'SubmitTimes': [1502842011.0], 'JobIds': ['10095422.0'], 'EndTimes': [1502842853.0], 'Restarts': 0, 'RecordedSite': True, 'State': 'finished', 'ResidentSetSize': [2568], 'TotalUserCpuTimeHistory': [36], 'SiteHistory': ['Unknown', 'T2_CH_CERN'], 'TotalSysCpuTimeHistory': [2]}, '53': {'Retries': 0, 'WallDurations': [155.0, 172.20761799812317], 'StartTimes': [1502842483.0], 'SubmitTimes': [1502842011.0], 'JobIds': ['10095421.0'], 'EndTimes': [1502842638.0], 'Restarts': 0, 'RecordedSite': True, 'State': 'finished', 'ResidentSetSize': [2632], 'TotalUserCpuTimeHistory': [34], 'SiteHistory': ['Unknown', 'T2_CH_CERN'], 'TotalSysCpuTimeHistory': [2]}, '52': {'Retries': 0, 'WallDurations': [9.0, 285.0], 'StartTimes': [1502842483.0], 'SubmitTimes': [1502842011.0], 'JobIds': ['10095423.0'], 'EndTimes': [1502842768.0], 'Restarts': 0, 'RecordedSite': True, 'State': 'finished', 'ResidentSetSize': [2672], 'TotalUserCpuTimeHistory': [53], 'SiteHistory': ['Unknown', 'T2_CH_CERN'], 'TotalSysCpuTimeHistory': [16]}, '115': {'Retries': 0, 'WallDurations': [92.0, 114.38856410980225], 'StartTimes': [1502842841.0], 'SubmitTimes': [1502842034.0], 'JobIds': ['10095485.0'], 'EndTimes': [1502842933.0], 'Restarts': 0, 'RecordedSite': True, 'State': 'finished', 'ResidentSetSize': [115048], 'TotalUserCpuTimeHistory': [52], 'SiteHistory': ['Unknown', 'T2_CH_CERN'], 'TotalSysCpuTimeHistory': [3]}, '114': {'Retries': 0, 'WallDurations': [9.0, 174.0], 'StartTimes': [1502842846.0], 'SubmitTimes': [1502842038.0], 'JobIds': ['10095486.0'], 'EndTimes': [1502843020.0], 'Restarts': 0, 'RecordedSite': True, 'State': 'finished', 'ResidentSetSize': [88428], 'TotalUserCpuTimeHistory': [52], 'SiteHistory': ['Unknown', 'T2_CH_CERN'], 'TotalSysCpuTimeHistory': [3]}, '88': {'Retries': 0, 'WallDurations': [139.0, 295.38856410980225], 'StartTimes': [1502842660.0], 'SubmitTimes': [1502842023.0], 'JobIds': ['10095458.0'], 'EndTimes': [1502842799.0], 'Restarts': 0, 'RecordedSite': True, 'State': 'finished', 'ResidentSetSize': [23704], 'TotalUserCpuTimeHistory': [42], 'SiteHistory': ['Unknown', 'T2_CH_CERN'], 'TotalSysCpuTimeHistory': [3]}, '89': {'Retries': 0, 'WallDurations': [60.0, 293.38856410980225], 'StartTimes': [1502842662.0], 'SubmitTimes': [1502842023.0], 'JobIds': ['10095459.0'], 'EndTimes': [1502842722.0], 'Restarts': 0, 'RecordedSite': True, 'State': 'finished', 'ResidentSetSize': [15276], 'TotalUserCpuTimeHistory': [31], 'SiteHistory': ['Unknown', 'T2_CH_CERN'], 'TotalSysCpuTimeHistory': [2]}, '111': {'Retries': 0, 'WallDurations': [52.0, 133.38856410980225], 'StartTimes': [1502842822.0], 'SubmitTimes': [1502842034.0], 'JobIds': ['10095482.0'], 'EndTimes': [1502842874.0], 'Restarts': 0, 'RecordedSite': True, 'State': 'finished', 'ResidentSetSize': [2600], 'TotalUserCpuTimeHistory': [29], 'SiteHistory': ['Unknown', 'T2_CH_CERN'], 'TotalSysCpuTimeHistory': [1]}, '110': {'Retries': 0, 'WallDurations': [107.0, 154.38856410980225], 'StartTimes': [1502842801.0], 'SubmitTimes': [1502842034.0], 'JobIds': ['10095481.0'], 'EndTimes': [1502842908.0], 'Restarts': 0, 'RecordedSite': True, 'State': 'finished', 'ResidentSetSize': [157852], 'TotalUserCpuTimeHistory': [42], 'SiteHistory': ['Unknown', 'T2_CH_CERN'], 'TotalSysCpuTimeHistory': [2]}, '113': {'Retries': 0, 'WallDurations': [94.0, 123.38856410980225], 'StartTimes': [1502842832.0], 'SubmitTimes': [1502842034.0], 'JobIds': ['10095483.0'], 'EndTimes': [1502842926.0], 'Restarts': 0, 'RecordedSite': True, 'State': 'finished', 'ResidentSetSize': [29320], 'TotalUserCpuTimeHistory': [37], 'SiteHistory': ['Unknown', 'T2_CH_CERN'], 'TotalSysCpuTimeHistory': [2]}, '112': {'Retries': 0, 'WallDurations': [68.0, 119.3357629776001], 'StartTimes': [1502843137.0], 'SubmitTimes': [1502842034.0], 'JobIds': ['10095484.0'], 'EndTimes': [1502843205.0], 'Restarts': 0, 'RecordedSite': True, 'State': 'finished', 'ResidentSetSize': [2564], 'TotalUserCpuTimeHistory': [29], 'SiteHistory': ['Unknown', 'T2_CH_CERN'], 'TotalSysCpuTimeHistory': [2]}, '82': {'Retries': 0, 'WallDurations': [8.0, 258.0], 'StartTimes': [1502842633.0], 'SubmitTimes': [1502842016.0], 'JobIds': ['10095452.0'], 'EndTimes': [1502842891.0], 'Restarts': 0, 'RecordedSite': True, 'State': 'finished', 'ResidentSetSize': [49872], 'TotalUserCpuTimeHistory': [56], 'SiteHistory': ['Unknown', 'T2_CH_CERN'], 'TotalSysCpuTimeHistory': [3]}, '83': {'Retries': 0, 'WallDurations': [9.0, 88.0], 'StartTimes': [1502842635.0], 'SubmitTimes': [1502842016.0], 'JobIds': ['10095453.0'], 'EndTimes': [1502842723.0], 'Restarts': 0, 'RecordedSite': True, 'State': 'finished', 'ResidentSetSize': [18688], 'TotalUserCpuTimeHistory': [44], 'SiteHistory': ['Unknown', 'T2_CH_CERN'], 'TotalSysCpuTimeHistory': [2]}, '80': {'Retries': 0, 'WallDurations': [9.0, 122.0], 'StartTimes': [1502842894.0], 'SubmitTimes': [1502842016.0], 'JobIds': ['10095450.0'], 'EndTimes': [1502843016.0], 'Restarts': 0, 'RecordedSite': True, 'State': 'finished', 'ResidentSetSize': [65088], 'TotalUserCpuTimeHistory': [44], 'SiteHistory': ['Unknown', 'T2_CH_CERN'], 'TotalSysCpuTimeHistory': [3]}, '81': {'Retries': 0, 'WallDurations': [9.0, 56.0], 'StartTimes': [1502842604.0], 'SubmitTimes': [1502842016.0], 'JobIds': ['10095451.0'], 'EndTimes': [1502842660.0], 'Restarts': 0, 'RecordedSite': True, 'State': 'finished', 'ResidentSetSize': [2636], 'TotalUserCpuTimeHistory': [29], 'SiteHistory': ['Unknown', 'T2_CH_CERN'], 'TotalSysCpuTimeHistory': [2]}, '119': {'Retries': 0, 'WallDurations': [9.0, 225.0], 'StartTimes': [1502842852.0], 'SubmitTimes': [1502842039.0], 'JobIds': ['10095489.0'], 'EndTimes': [1502843077.0], 'Restarts': 0, 'RecordedSite': True, 'State': 'finished', 'ResidentSetSize': [44552], 'TotalUserCpuTimeHistory': [124], 'SiteHistory': ['Unknown', 'T2_CH_CERN'], 'TotalSysCpuTimeHistory': [27]}, '87': {'Retries': 0, 'WallDurations': [0, 124.0], 'StartTimes': [1502842649.0], 'SubmitTimes': [1502842022.0], 'JobIds': ['10095457.0'], 'EndTimes': [1502842773.0], 'Restarts': 0, 'RecordedSite': True, 'State': 'finished', 'ResidentSetSize': [187528], 'TotalUserCpuTimeHistory': [36], 'SiteHistory': ['Unknown', 'T2_CH_CERN'], 'TotalSysCpuTimeHistory': [2]}, '84': {'Retries': 0, 'WallDurations': [9.0, 112.0], 'StartTimes': [1502842641.0], 'SubmitTimes': [1502842016.0], 'JobIds': ['10095454.0'], 'EndTimes': [1502842753.0], 'Restarts': 0, 'RecordedSite': True, 'State': 'finished', 'ResidentSetSize': [14888], 'TotalUserCpuTimeHistory': [56], 'SiteHistory': ['Unknown', 'T2_CH_CERN'], 'TotalSysCpuTimeHistory': [3]}, '85': {'Retries': 0, 'WallDurations': [0, 142.0], 'StartTimes': [1502842645.0], 'SubmitTimes': [1502842017.0], 'JobIds': ['10095455.0'], 'EndTimes': [1502842787.0], 'Restarts': 0, 'RecordedSite': True, 'State': 'finished', 'ResidentSetSize': [2632], 'TotalUserCpuTimeHistory': [65], 'SiteHistory': ['Unknown', 'T2_CH_CERN'], 'TotalSysCpuTimeHistory': [3]}, '3': {'Retries': 0, 'WallDurations': [9.0, 126.0], 'StartTimes': [1502842856.0], 'SubmitTimes': [1502842000.0], 'JobIds': ['10095376.0'], 'EndTimes': [1502842982.0], 'Restarts': 0, 'RecordedSite': True, 'State': 'finished', 'ResidentSetSize': [2576], 'TotalUserCpuTimeHistory': [38], 'SiteHistory': ['Unknown', 'T2_CH_CERN'], 'TotalSysCpuTimeHistory': [2]}, '7': {'Retries': 0, 'WallDurations': [9.0, 201.0], 'StartTimes': [1502842158.0], 'SubmitTimes': [1502842000.0], 'JobIds': ['10095380.0'], 'EndTimes': [1502842359.0], 'Restarts': 0, 'RecordedSite': True, 'State': 'finished', 'ResidentSetSize': [4684], 'TotalUserCpuTimeHistory': [30], 'SiteHistory': ['Unknown', 'T2_CH_CERN'], 'TotalSysCpuTimeHistory': [2]}, '108': {'Retries': 0, 'WallDurations': [149.0, 164.38856410980225], 'StartTimes': [1502842791.0], 'SubmitTimes': [1502842034.0], 'JobIds': ['10095479.0'], 'EndTimes': [1502842940.0], 'Restarts': 0, 'RecordedSite': True, 'State': 'finished', 'ResidentSetSize': [145240], 'TotalUserCpuTimeHistory': [39], 'SiteHistory': ['Unknown', 'T2_CH_CERN'], 'TotalSysCpuTimeHistory': [2]}, '109': {'Retries': 0, 'WallDurations': [79.0, 152.38856410980225], 'StartTimes': [1502842803.0], 'SubmitTimes': [1502842034.0], 'JobIds': ['10095480.0'], 'EndTimes': [1502842882.0], 'Restarts': 0, 'RecordedSite': True, 'State': 'finished', 'ResidentSetSize': [32928], 'TotalUserCpuTimeHistory': [35], 'SiteHistory': ['Unknown', 'T2_CH_CERN'], 'TotalSysCpuTimeHistory': [2]}, '102': {'Retries': 0, 'WallDurations': [9.0, 229.0], 'StartTimes': [1502842773.0], 'SubmitTimes': [1502842026.0], 'JobIds': ['10095471.0'], 'EndTimes': [1502843002.0], 'Restarts': 0, 'RecordedSite': True, 'State': 'finished', 'ResidentSetSize': [2672], 'TotalUserCpuTimeHistory': [47], 'SiteHistory': ['Unknown', 'T2_CH_CERN'], 'TotalSysCpuTimeHistory': [8]}, '103': {'Retries': 0, 'WallDurations': [128.0, 201.38856410980225], 'StartTimes': [1502842754.0], 'SubmitTimes': [1502842024.0], 'JobIds': ['10095469.0'], 'EndTimes': [1502842882.0], 'Restarts': 0, 'RecordedSite': True, 'State': 'finished', 'ResidentSetSize': [2648], 'TotalUserCpuTimeHistory': [62], 'SiteHistory': ['Unknown', 'T2_CH_CERN'], 'TotalSysCpuTimeHistory': [3]}, '100': {'Retries': 0, 'WallDurations': [81.0, 199.38856410980225], 'StartTimes': [1502842756.0], 'SubmitTimes': [1502842025.0], 'JobIds': ['10095470.0'], 'EndTimes': [1502842837.0], 'Restarts': 0, 'RecordedSite': True, 'State': 'finished', 'ResidentSetSize': [2596], 'TotalUserCpuTimeHistory': [38], 'SiteHistory': ['Unknown', 'T2_CH_CERN'], 'TotalSysCpuTimeHistory': [2]}, '101': {'Retries': 0, 'WallDurations': [11.0, 319.0], 'StartTimes': [1502842741.0], 'SubmitTimes': [1502842024.0], 'JobIds': ['10095468.0'], 'EndTimes': [1502843060.0], 'Restarts': 0, 'RecordedSite': True, 'State': 'finished', 'ResidentSetSize': [49860], 'TotalUserCpuTimeHistory': [64], 'SiteHistory': ['Unknown', 'T2_CH_CERN'], 'TotalSysCpuTimeHistory': [3]}, '106': {'Retries': 0, 'WallDurations': [118.0, 164.38856410980225], 'StartTimes': [1502842791.0], 'SubmitTimes': [1502842027.0], 'JobIds': ['10095475.0'], 'EndTimes': [1502842909.0], 'Restarts': 0, 'RecordedSite': True, 'State': 'finished', 'ResidentSetSize': [28636], 'TotalUserCpuTimeHistory': [52], 'SiteHistory': ['Unknown', 'T2_CH_CERN'], 'TotalSysCpuTimeHistory': [2]}, '107': {'Retries': 0, 'WallDurations': [97.0, 166.38856410980225], 'StartTimes': [1502842789.0], 'SubmitTimes': [1502842028.0], 'JobIds': ['10095476.0'], 'EndTimes': [1502842886.0], 'Restarts': 0, 'RecordedSite': True, 'State': 'finished', 'ResidentSetSize': [197396], 'TotalUserCpuTimeHistory': [30], 'SiteHistory': ['Unknown', 'T2_CH_CERN'], 'TotalSysCpuTimeHistory': [2]}, '104': {'Retries': 0, 'WallDurations': [71.0, 180.38856410980225], 'StartTimes': [1502842775.0], 'SubmitTimes': [1502842026.0], 'JobIds': ['10095472.0'], 'EndTimes': [1502842846.0], 'Restarts': 0, 'RecordedSite': True, 'State': 'finished', 'ResidentSetSize': [19360], 'TotalUserCpuTimeHistory': [23], 'SiteHistory': ['Unknown', 'T2_CH_CERN'], 'TotalSysCpuTimeHistory': [1]}, '105': {'Retries': 0, 'WallDurations': [45.0, 180.38856410980225], 'StartTimes': [1502842775.0], 'SubmitTimes': [1502842026.0], 'JobIds': ['10095473.0'], 'EndTimes': [1502842820.0], 'Restarts': 0, 'RecordedSite': True, 'State': 'finished', 'ResidentSetSize': [2604], 'TotalUserCpuTimeHistory': [19], 'SiteHistory': ['Unknown', 'T2_CH_CERN'], 'TotalSysCpuTimeHistory': [1]}, '39': {'Retries': 0, 'WallDurations': [9.0, 277.0], 'StartTimes': [1502842409.0], 'SubmitTimes': [1502842005.0], 'JobIds': ['10095409.0'], 'EndTimes': [1502842686.0], 'Restarts': 0, 'RecordedSite': True, 'State': 'finished', 'ResidentSetSize': [2640], 'TotalUserCpuTimeHistory': [52], 'SiteHistory': ['Unknown', 'T2_CH_CERN'], 'TotalSysCpuTimeHistory': [3]}, '38': {'Retries': 0, 'WallDurations': [60.0, 268.20761799812317], 'StartTimes': [1502842387.0], 'SubmitTimes': [1502842004.0], 'JobIds': ['10095408.0'], 'EndTimes': [1502842447.0], 'Restarts': 0, 'RecordedSite': True, 'State': 'finished', 'ResidentSetSize': [133984], 'TotalUserCpuTimeHistory': [36], 'SiteHistory': ['Unknown', 'T2_CH_CERN'], 'TotalSysCpuTimeHistory': [2]}, '33': {'Retries': 0, 'WallDurations': [8.0, 86.0], 'StartTimes': [1502842321.0], 'SubmitTimes': [1502842004.0], 'JobIds': ['10095403.0'], 'EndTimes': [1502842407.0], 'Restarts': 0, 'RecordedSite': True, 'State': 'finished', 'ResidentSetSize': [47668], 'TotalUserCpuTimeHistory': [26], 'SiteHistory': ['Unknown', 'T2_CH_CERN'], 'TotalSysCpuTimeHistory': [1]}, '32': {'Retries': 0, 'WallDurations': [9.0, 131.0], 'StartTimes': [1502842322.0], 'SubmitTimes': [1502842004.0], 'JobIds': ['10095402.0'], 'EndTimes': [1502842453.0], 'Restarts': 0, 'RecordedSite': True, 'State': 'finished', 'ResidentSetSize': [32256], 'TotalUserCpuTimeHistory': [40], 'SiteHistory': ['Unknown', 'T2_CH_CERN'], 'TotalSysCpuTimeHistory': [2]}, '31': {'Retries': 0, 'WallDurations': [9.0, 128.0], 'StartTimes': [1502842317.0], 'SubmitTimes': [1502842004.0], 'JobIds': ['10095401.0'], 'EndTimes': [1502842445.0], 'Restarts': 0, 'RecordedSite': True, 'State': 'finished', 'ResidentSetSize': [127464], 'TotalUserCpuTimeHistory': [62], 'SiteHistory': ['Unknown', 'T2_CH_CERN'], 'TotalSysCpuTimeHistory': [3]}, '30': {'Retries': 0, 'WallDurations': [8.0, 76.0], 'StartTimes': [1502842296.0], 'SubmitTimes': [1502842004.0], 'JobIds': ['10095400.0'], 'EndTimes': [1502842372.0], 'Restarts': 0, 'RecordedSite': True, 'State': 'finished', 'ResidentSetSize': [2572], 'TotalUserCpuTimeHistory': [42], 'SiteHistory': ['Unknown', 'T2_CH_CERN'], 'TotalSysCpuTimeHistory': [2]}, '37': {'Retries': 0, 'WallDurations': [63.0, 281.20761799812317], 'StartTimes': [1502842374.0], 'SubmitTimes': [1502842004.0], 'JobIds': ['10095407.0'], 'EndTimes': [1502842437.0], 'Restarts': 0, 'RecordedSite': True, 'State': 'finished', 'ResidentSetSize': [2572], 'TotalUserCpuTimeHistory': [26], 'SiteHistory': ['Unknown', 'T2_CH_CERN'], 'TotalSysCpuTimeHistory': [1]}, '36': {'Retries': 0, 'WallDurations': [272.0, 282.20761799812317], 'StartTimes': [1502842373.0], 'SubmitTimes': [1502842004.0], 'JobIds': ['10095406.0'], 'EndTimes': [1502842645.0], 'Restarts': 0, 'RecordedSite': True, 'State': 'finished', 'ResidentSetSize': [10228], 'TotalUserCpuTimeHistory': [108], 'SiteHistory': ['Unknown', 'T2_CH_CERN'], 'TotalSysCpuTimeHistory': [27]}, '35': {'Retries': 0, 'WallDurations': [210.0, 293.20761799812317], 'StartTimes': [1502842362.0], 'SubmitTimes': [1502842004.0], 'JobIds': ['10095405.0'], 'EndTimes': [1502842572.0], 'Restarts': 0, 'RecordedSite': True, 'State': 'finished', 'ResidentSetSize': [173440], 'TotalUserCpuTimeHistory': [45], 'SiteHistory': ['Unknown', 'T2_CH_CERN'], 'TotalSysCpuTimeHistory': [4]}, '34': {'Retries': 0, 'WallDurations': [9.0, 108.0], 'StartTimes': [1502842328.0], 'SubmitTimes': [1502842004.0], 'JobIds': ['10095404.0'], 'EndTimes': [1502842436.0], 'Restarts': 0, 'RecordedSite': True, 'State': 'finished', 'ResidentSetSize': [241836], 'TotalUserCpuTimeHistory': [33], 'SiteHistory': ['Unknown', 'T2_CH_CERN'], 'TotalSysCpuTimeHistory': [2]}, '60': {'Retries': 0, 'WallDurations': [77.0, 173.20761799812317], 'StartTimes': [1502842482.0], 'SubmitTimes': [1502842012.0], 'JobIds': ['10095429.0'], 'EndTimes': [1502842559.0], 'Restarts': 0, 'RecordedSite': True, 'State': 'finished', 'ResidentSetSize': [51264], 'TotalUserCpuTimeHistory': [33], 'SiteHistory': ['Unknown', 'T2_CH_CERN'], 'TotalSysCpuTimeHistory': [2]}, '61': {'Retries': 0, 'WallDurations': [71.0, 175.38856410980225], 'StartTimes': [1502842780.0], 'SubmitTimes': [1502842012.0], 'JobIds': ['10095427.0'], 'EndTimes': [1502842851.0], 'Restarts': 0, 'RecordedSite': True, 'State': 'finished', 'ResidentSetSize': [26296], 'TotalUserCpuTimeHistory': [33], 'SiteHistory': ['Unknown', 'T2_CH_CERN'], 'TotalSysCpuTimeHistory': [2]}, '62': {'Retries': 0, 'WallDurations': [119.0, 141.20761799812317], 'StartTimes': [1502842514.0], 'SubmitTimes': [1502842013.0], 'JobIds': ['10095432.0'], 'EndTimes': [1502842633.0], 'Restarts': 0, 'RecordedSite': True, 'State': 'finished', 'ResidentSetSize': [105848], 'TotalUserCpuTimeHistory': [41], 'SiteHistory': ['Unknown', 'T2_CH_CERN'], 'TotalSysCpuTimeHistory': [2]}, '63': {'Retries': 0, 'WallDurations': [70.0, 174.38856410980225], 'StartTimes': [1502842781.0], 'SubmitTimes': [1502842013.0], 'JobIds': ['10095433.0'], 'EndTimes': [1502842851.0], 'Restarts': 0, 'RecordedSite': True, 'State': 'finished', 'ResidentSetSize': [29660], 'TotalUserCpuTimeHistory': [41], 'SiteHistory': ['Unknown', 'T2_CH_CERN'], 'TotalSysCpuTimeHistory': [2]}, '64': {'Retries': 0, 'WallDurations': [51.0, 173.20761799812317], 'StartTimes': [1502842482.0], 'SubmitTimes': [1502842013.0], 'JobIds': ['10095434.0'], 'EndTimes': [1502842533.0], 'Restarts': 0, 'RecordedSite': True, 'State': 'finished', 'ResidentSetSize': [14460], 'TotalUserCpuTimeHistory': [18], 'SiteHistory': ['Unknown', 'T2_CH_CERN'], 'TotalSysCpuTimeHistory': [1]}, '65': {'Retries': 0, 'WallDurations': [118.0, 173.20761799812317], 'StartTimes': [1502842482.0], 'SubmitTimes': [1502842013.0], 'JobIds': ['10095435.0'], 'EndTimes': [1502842600.0], 'Restarts': 0, 'RecordedSite': True, 'State': 'finished', 'ResidentSetSize': [2108], 'TotalUserCpuTimeHistory': [40], 'SiteHistory': ['Unknown', 'T2_CH_CERN'], 'TotalSysCpuTimeHistory': [2]}, '66': {'Retries': 0, 'WallDurations': [119.0, 172.20761799812317], 'StartTimes': [1502842483.0], 'SubmitTimes': [1502842013.0], 'JobIds': ['10095436.0'], 'EndTimes': [1502842602.0], 'Restarts': 0, 'RecordedSite': True, 'State': 'finished', 'ResidentSetSize': [2572], 'TotalUserCpuTimeHistory': [40], 'SiteHistory': ['Unknown', 'T2_CH_CERN'], 'TotalSysCpuTimeHistory': [2]}, '67': {'Retries': 0, 'WallDurations': [8.0, 122.0], 'StartTimes': [1502842535.0], 'SubmitTimes': [1502842014.0], 'JobIds': ['10095437.0'], 'EndTimes': [1502842657.0], 'Restarts': 0, 'RecordedSite': True, 'State': 'finished', 'ResidentSetSize': [196796], 'TotalUserCpuTimeHistory': [42], 'SiteHistory': ['Unknown', 'T2_CH_CERN'], 'TotalSysCpuTimeHistory': [3]}, '68': {'Retries': 0, 'WallDurations': [53.0, 105.20761799812317], 'StartTimes': [1502842550.0], 'SubmitTimes': [1502842014.0], 'JobIds': ['10095439.0'], 'EndTimes': [1502842603.0], 'Restarts': 0, 'RecordedSite': True, 'State': 'finished', 'ResidentSetSize': [203024], 'TotalUserCpuTimeHistory': [27], 'SiteHistory': ['Unknown', 'T2_CH_CERN'], 'TotalSysCpuTimeHistory': [1]}, '69': {'Retries': 0, 'WallDurations': [101.0, 115.20761799812317], 'StartTimes': [1502842540.0], 'SubmitTimes': [1502842014.0], 'JobIds': ['10095438.0'], 'EndTimes': [1502842641.0], 'Restarts': 0, 'RecordedSite': True, 'State': 'finished', 'ResidentSetSize': [2648], 'TotalUserCpuTimeHistory': [53], 'SiteHistory': ['Unknown', 'T2_CH_CERN'], 'TotalSysCpuTimeHistory': [2]}, '2': {'Retries': 0, 'WallDurations': [10.0, 234.0], 'StartTimes': [1502842857.0], 'SubmitTimes': [1502842000.0], 'JobIds': ['10095375.0'], 'EndTimes': [1502843091.0], 'Restarts': 0, 'RecordedSite': True, 'State': 'finished', 'ResidentSetSize': [23116], 'TotalUserCpuTimeHistory': [63], 'SiteHistory': ['Unknown', 'T2_CH_CERN'], 'TotalSysCpuTimeHistory': [3]}, '6': {'Retries': 0, 'WallDurations': [151.0, 194.03263092041016], 'StartTimes': [1502842161.0], 'SubmitTimes': [1502842000.0], 'JobIds': ['10095379.0'], 'EndTimes': [1502842312.0], 'Restarts': 0, 'RecordedSite': True, 'State': 'finished', 'ResidentSetSize': [2644], 'TotalUserCpuTimeHistory': [45], 'SiteHistory': ['Unknown', 'T2_CH_CERN'], 'TotalSysCpuTimeHistory': [2]}, '99': {'Retries': 0, 'WallDurations': [117.0, 273.38856410980225], 'StartTimes': [1502842682.0], 'SubmitTimes': [1502842023.0], 'JobIds': ['10095460.0'], 'EndTimes': [1502842799.0], 'Restarts': 0, 'RecordedSite': True, 'State': 'finished', 'ResidentSetSize': [32220], 'TotalUserCpuTimeHistory': [37], 'SiteHistory': ['Unknown', 'T2_CH_CERN'], 'TotalSysCpuTimeHistory': [2]}, '98': {'Retries': 0, 'WallDurations': [137.0, 171.38856410980225], 'StartTimes': [1502842784.0], 'SubmitTimes': [1502842027.0], 'JobIds': ['10095474.0'], 'EndTimes': [1502842921.0], 'Restarts': 0, 'RecordedSite': True, 'State': 'finished', 'ResidentSetSize': [2676], 'TotalUserCpuTimeHistory': [52], 'SiteHistory': ['Unknown', 'T2_CH_CERN'], 'TotalSysCpuTimeHistory': [3]}, '91': {'Retries': 0, 'WallDurations': [98.0, 265.38856410980225], 'StartTimes': [1502842690.0], 'SubmitTimes': [1502842023.0], 'JobIds': ['10095461.0'], 'EndTimes': [1502842788.0], 'Restarts': 0, 'RecordedSite': True, 'State': 'finished', 'ResidentSetSize': [34540], 'TotalUserCpuTimeHistory': [55], 'SiteHistory': ['Unknown', 'T2_CH_CERN'], 'TotalSysCpuTimeHistory': [3]}, '90': {'Retries': 0, 'WallDurations': [9.0, 121.0], 'StartTimes': [1502842855.0], 'SubmitTimes': [1502842056.0], 'JobIds': ['10095520.0'], 'EndTimes': [1502842976.0], 'Restarts': 0, 'RecordedSite': True, 'State': 'finished', 'ResidentSetSize': [189564], 'TotalUserCpuTimeHistory': [39], 'SiteHistory': ['Unknown', 'T2_CH_CERN'], 'TotalSysCpuTimeHistory': [2]}, '93': {'Retries': 0, 'WallDurations': [149.0, 251.38856410980225], 'StartTimes': [1502842704.0], 'SubmitTimes': [1502842023.0], 'JobIds': ['10095463.0'], 'EndTimes': [1502842853.0], 'Restarts': 0, 'RecordedSite': True, 'State': 'finished', 'ResidentSetSize': [2596], 'TotalUserCpuTimeHistory': [66], 'SiteHistory': ['Unknown', 'T2_CH_CERN'], 'TotalSysCpuTimeHistory': [3]}, '92': {'Retries': 0, 'WallDurations': [94.0, 267.38856410980225], 'StartTimes': [1502842688.0], 'SubmitTimes': [1502842023.0], 'JobIds': ['10095462.0'], 'EndTimes': [1502842782.0], 'Restarts': 0, 'RecordedSite': True, 'State': 'finished', 'ResidentSetSize': [14412], 'TotalUserCpuTimeHistory': [43], 'SiteHistory': ['Unknown', 'T2_CH_CERN'], 'TotalSysCpuTimeHistory': [2]}, '95': {'Retries': 0, 'WallDurations': [105.0, 230.38856410980225], 'StartTimes': [1502842725.0], 'SubmitTimes': [1502842024.0], 'JobIds': ['10095467.0'], 'EndTimes': [1502842830.0], 'Restarts': 0, 'RecordedSite': True, 'State': 'finished', 'ResidentSetSize': [23348], 'TotalUserCpuTimeHistory': [56], 'SiteHistory': ['Unknown', 'T2_CH_CERN'], 'TotalSysCpuTimeHistory': [3]}, '94': {'Retries': 0, 'WallDurations': [120.0, 231.38856410980225], 'StartTimes': [1502842724.0], 'SubmitTimes': [1502842024.0], 'JobIds': ['10095466.0'], 'EndTimes': [1502842844.0], 'Restarts': 0, 'RecordedSite': True, 'State': 'finished', 'ResidentSetSize': [207060], 'TotalUserCpuTimeHistory': [35], 'SiteHistory': ['Unknown', 'T2_CH_CERN'], 'TotalSysCpuTimeHistory': [2]}, '97': {'Retries': 0, 'WallDurations': [64.0, 232.38856410980225], 'StartTimes': [1502842723.0], 'SubmitTimes': [1502842024.0], 'JobIds': ['10095465.0'], 'EndTimes': [1502842787.0], 'Restarts': 0, 'RecordedSite': True, 'State': 'finished', 'ResidentSetSize': [2676], 'TotalUserCpuTimeHistory': [20], 'SiteHistory': ['Unknown', 'T2_CH_CERN'], 'TotalSysCpuTimeHistory': [1]}, '96': {'Retries': 0, 'WallDurations': [222.0, 232.38856410980225], 'StartTimes': [1502842723.0], 'SubmitTimes': [1502842023.0], 'JobIds': ['10095464.0'], 'EndTimes': [1502842945.0], 'Restarts': 0, 'RecordedSite': True, 'State': 'finished', 'ResidentSetSize': [2652], 'TotalUserCpuTimeHistory': [70], 'SiteHistory': ['Unknown', 'T2_CH_CERN'], 'TotalSysCpuTimeHistory': [3]}, '11': {'Retries': 0, 'WallDurations': [77.0, 198.03263092041016], 'StartTimes': [1502842157.0], 'SubmitTimes': [1502842000.0], 'JobIds': ['10095374.0'], 'EndTimes': [1502842234.0], 'Restarts': 0, 'RecordedSite': True, 'State': 'finished', 'ResidentSetSize': [2596], 'TotalUserCpuTimeHistory': [20], 'SiteHistory': ['Unknown', 'T2_CH_CERN'], 'TotalSysCpuTimeHistory': [1]}, '10': {'Retries': 0, 'WallDurations': [116.0, 201.20761799812317], 'StartTimes': [1502842454.0], 'SubmitTimes': [1502842001.0], 'JobIds': ['10095382.0'], 'EndTimes': [1502842570.0], 'Restarts': 0, 'RecordedSite': True, 'State': 'finished', 'ResidentSetSize': [29632], 'TotalUserCpuTimeHistory': [44], 'SiteHistory': ['Unknown', 'T2_CH_CERN'], 'TotalSysCpuTimeHistory': [2]}, '13': {'Retries': 0, 'WallDurations': [9.0, 265.0], 'StartTimes': [1502842158.0], 'SubmitTimes': [1502842001.0], 'JobIds': ['10095383.0'], 'EndTimes': [1502842423.0], 'Restarts': 0, 'RecordedSite': True, 'State': 'finished', 'ResidentSetSize': [2640], 'TotalUserCpuTimeHistory': [81], 'SiteHistory': ['Unknown', 'T2_CH_CERN'], 'TotalSysCpuTimeHistory': [7]}, '12': {'Retries': 0, 'WallDurations': [69.0, 198.03263092041016], 'StartTimes': [1502842157.0], 'SubmitTimes': [1502842001.0], 'JobIds': ['10095385.0'], 'EndTimes': [1502842226.0], 'Restarts': 0, 'RecordedSite': True, 'State': 'finished', 'ResidentSetSize': [20072], 'TotalUserCpuTimeHistory': [30], 'SiteHistory': ['Unknown', 'T2_CH_CERN'], 'TotalSysCpuTimeHistory': [1]}, '15': {'Retries': 0, 'WallDurations': [9.0, 205.0], 'StartTimes': [1502842161.0], 'SubmitTimes': [1502842001.0], 'JobIds': ['10095386.0'], 'EndTimes': [1502842366.0], 'Restarts': 0, 'RecordedSite': True, 'State': 'finished', 'ResidentSetSize': [10232], 'TotalUserCpuTimeHistory': [88], 'SiteHistory': ['Unknown', 'T2_CH_CERN'], 'TotalSysCpuTimeHistory': [15]}, '14': {'Retries': 0, 'WallDurations': [117.0, 198.03263092041016], 'StartTimes': [1502842157.0], 'SubmitTimes': [1502842001.0], 'JobIds': ['10095384.0'], 'EndTimes': [1502842274.0], 'Restarts': 0, 'RecordedSite': True, 'State': 'finished', 'ResidentSetSize': [2632], 'TotalUserCpuTimeHistory': [31], 'SiteHistory': ['Unknown', 'T2_CH_CERN'], 'TotalSysCpuTimeHistory': [2]}, '17': {'Retries': 0, 'WallDurations': [124.0, 201.20761799812317], 'StartTimes': [1502842454.0], 'SubmitTimes': [1502842001.0], 'JobIds': ['10095388.0'], 'EndTimes': [1502842578.0], 'Restarts': 0, 'RecordedSite': True, 'State': 'finished', 'ResidentSetSize': [20916], 'TotalUserCpuTimeHistory': [36], 'SiteHistory': ['Unknown', 'T2_CH_CERN'], 'TotalSysCpuTimeHistory': [2]}, '16': {'Retries': 0, 'WallDurations': [157.0, 195.03263092041016], 'StartTimes': [1502842160.0], 'SubmitTimes': [1502842001.0], 'JobIds': ['10095387.0'], 'EndTimes': [1502842317.0], 'Restarts': 0, 'RecordedSite': True, 'State': 'finished', 'ResidentSetSize': [2596], 'TotalUserCpuTimeHistory': [62], 'SiteHistory': ['Unknown', 'T2_CH_CERN'], 'TotalSysCpuTimeHistory': [6]}, '19': {'Retries': 0, 'WallDurations': [49.0, 200.20761799812317], 'StartTimes': [1502842455.0], 'SubmitTimes': [1502842001.0], 'JobIds': ['10095390.0'], 'EndTimes': [1502842504.0], 'Restarts': 0, 'RecordedSite': True, 'State': 'finished', 'ResidentSetSize': [20452], 'TotalUserCpuTimeHistory': [15], 'SiteHistory': ['Unknown', 'T2_CH_CERN'], 'TotalSysCpuTimeHistory': [1]}, '18': {'Retries': 0, 'WallDurations': [116.0, 201.20761799812317], 'StartTimes': [1502842454.0], 'SubmitTimes': [1502842001.0], 'JobIds': ['10095389.0'], 'EndTimes': [1502842570.0], 'Restarts': 0, 'RecordedSite': True, 'State': 'finished', 'ResidentSetSize': [21424], 'TotalUserCpuTimeHistory': [36], 'SiteHistory': ['Unknown', 'T2_CH_CERN'], 'TotalSysCpuTimeHistory': [2]}, '117': {'Retries': 0, 'WallDurations': [8.0, 240.0], 'StartTimes': [1502842860.0], 'SubmitTimes': [1502842044.0], 'JobIds': ['10095493.0'], 'EndTimes': [1502843100.0], 'Restarts': 0, 'RecordedSite': True, 'State': 'finished', 'ResidentSetSize': [11948], 'TotalUserCpuTimeHistory': [19], 'SiteHistory': ['Unknown', 'T2_CH_CERN'], 'TotalSysCpuTimeHistory': [2]}, '116': {'Retries': 0, 'WallDurations': [9.0, 115.0], 'StartTimes': [1502842855.0], 'SubmitTimes': [1502842044.0], 'JobIds': ['10095491.0'], 'EndTimes': [1502842970.0], 'Restarts': 0, 'RecordedSite': True, 'State': 'finished', 'ResidentSetSize': [124068], 'TotalUserCpuTimeHistory': [42], 'SiteHistory': ['Unknown', 'T2_CH_CERN'], 'TotalSysCpuTimeHistory': [3]}, '41': {'Retries': 0, 'WallDurations': [165.0, 228.20761799812317], 'StartTimes': [1502842427.0], 'SubmitTimes': [1502842005.0], 'JobIds': ['10095410.0'], 'EndTimes': [1502842592.0], 'Restarts': 0, 'RecordedSite': True, 'State': 'finished', 'ResidentSetSize': [2632], 'TotalUserCpuTimeHistory': [59], 'SiteHistory': ['Unknown', 'T2_CH_CERN'], 'TotalSysCpuTimeHistory': [4]}, '48': {'Retries': 0, 'WallDurations': [10.0, 195.0], 'StartTimes': [1502842483.0], 'SubmitTimes': [1502842006.0], 'JobIds': ['10095419.0'], 'EndTimes': [1502842678.0], 'Restarts': 0, 'RecordedSite': True, 'State': 'finished', 'ResidentSetSize': [43704], 'TotalUserCpuTimeHistory': [66], 'SiteHistory': ['Unknown', 'T2_CH_CERN'], 'TotalSysCpuTimeHistory': [4]}, '49': {'Retries': 0, 'WallDurations': [71.0, 173.20761799812317], 'StartTimes': [1502842482.0], 'SubmitTimes': [1502842005.0], 'JobIds': ['10095418.0'], 'EndTimes': [1502842553.0], 'Restarts': 0, 'RecordedSite': True, 'State': 'finished', 'ResidentSetSize': [70124], 'TotalUserCpuTimeHistory': [38], 'SiteHistory': ['Unknown', 'T2_CH_CERN'], 'TotalSysCpuTimeHistory': [2]}, '46': {'Retries': 0, 'WallDurations': [121.0, 199.20761799812317], 'StartTimes': [1502842456.0], 'SubmitTimes': [1502842005.0], 'JobIds': ['10095416.0'], 'EndTimes': [1502842577.0], 'Restarts': 0, 'RecordedSite': True, 'State': 'finished', 'ResidentSetSize': [32316], 'TotalUserCpuTimeHistory': [42], 'SiteHistory': ['Unknown', 'T2_CH_CERN'], 'TotalSysCpuTimeHistory': [2]}, '86': {'Retries': 0, 'WallDurations': [0, 199.0], 'StartTimes': [1502842649.0], 'SubmitTimes': [1502842022.0], 'JobIds': ['10095456.0'], 'EndTimes': [1502842848.0], 'Restarts': 0, 'RecordedSite': True, 'State': 'finished', 'ResidentSetSize': [2652], 'TotalUserCpuTimeHistory': [116], 'SiteHistory': ['Unknown', 'T2_CH_CERN'], 'TotalSysCpuTimeHistory': [14]}, '44': {'Retries': 0, 'WallDurations': [84.0, 203.20761799812317], 'StartTimes': [1502842452.0], 'SubmitTimes': [1502842005.0], 'JobIds': ['10095414.0'], 'EndTimes': [1502842536.0], 'Restarts': 0, 'RecordedSite': True, 'State': 'finished', 'ResidentSetSize': [2648], 'TotalUserCpuTimeHistory': [41], 'SiteHistory': ['Unknown', 'T2_CH_CERN'], 'TotalSysCpuTimeHistory': [2]}, '45': {'Retries': 0, 'WallDurations': [10.0, 239.0], 'StartTimes': [1502842482.0], 'SubmitTimes': [1502842005.0], 'JobIds': ['10095417.0'], 'EndTimes': [1502842721.0], 'Restarts': 0, 'RecordedSite': True, 'State': 'finished', 'ResidentSetSize': [27116], 'TotalUserCpuTimeHistory': [60], 'SiteHistory': ['Unknown', 'T2_CH_CERN'], 'TotalSysCpuTimeHistory': [3]}, '42': {'Retries': 0, 'WallDurations': [110.0, 217.20761799812317], 'StartTimes': [1502842438.0], 'SubmitTimes': [1502842005.0], 'JobIds': ['10095413.0'], 'EndTimes': [1502842548.0], 'Restarts': 0, 'RecordedSite': True, 'State': 'finished', 'ResidentSetSize': [57804], 'TotalUserCpuTimeHistory': [40], 'SiteHistory': ['Unknown', 'T2_CH_CERN'], 'TotalSysCpuTimeHistory': [2]}, '43': {'Retries': 0, 'WallDurations': [137.0, 216.20761799812317], 'StartTimes': [1502842439.0], 'SubmitTimes': [1502842005.0], 'JobIds': ['10095412.0'], 'EndTimes': [1502842576.0], 'Restarts': 0, 'RecordedSite': True, 'State': 'finished', 'ResidentSetSize': [32648], 'TotalUserCpuTimeHistory': [30], 'SiteHistory': ['Unknown', 'T2_CH_CERN'], 'TotalSysCpuTimeHistory': [1]}, '40': {'Retries': 0, 'WallDurations': [80.0, 224.20761799812317], 'StartTimes': [1502842431.0], 'SubmitTimes': [1502842005.0], 'JobIds': ['10095411.0'], 'EndTimes': [1502842511.0], 'Restarts': 0, 'RecordedSite': True, 'State': 'finished', 'ResidentSetSize': [2576], 'TotalUserCpuTimeHistory': [40], 'SiteHistory': ['Unknown', 'T2_CH_CERN'], 'TotalSysCpuTimeHistory': [2]}, '118': {'Retries': 0, 'WallDurations': [84.0, 106.38856410980225], 'StartTimes': [1502842849.0], 'SubmitTimes': [1502842038.0], 'JobIds': ['10095488.0'], 'EndTimes': [1502842933.0], 'Restarts': 0, 'RecordedSite': True, 'State': 'finished', 'ResidentSetSize': [21360], 'TotalUserCpuTimeHistory': [42], 'SiteHistory': ['Unknown', 'T2_CH_CERN'], 'TotalSysCpuTimeHistory': [3]}, '1': {'Retries': 0, 'WallDurations': [9.0, 100.0], 'StartTimes': [1502842855.0], 'SubmitTimes': [1502842000.0], 'JobIds': ['10095373.0'], 'EndTimes': [1502842955.0], 'Restarts': 0, 'RecordedSite': True, 'State': 'finished', 'ResidentSetSize': [19888], 'TotalUserCpuTimeHistory': [35], 'SiteHistory': ['Unknown', 'T2_CH_CERN'], 'TotalSysCpuTimeHistory': [2]}, '5': {'Retries': 0, 'WallDurations': [10.0, 157.0], 'StartTimes': [1502842860.0], 'SubmitTimes': [1502842000.0], 'JobIds': ['10095378.0'], 'EndTimes': [1502843017.0], 'Restarts': 0, 'RecordedSite': True, 'State': 'finished', 'ResidentSetSize': [43844], 'TotalUserCpuTimeHistory': [44], 'SiteHistory': ['Unknown', 'T2_CH_CERN'], 'TotalSysCpuTimeHistory': [6]}, '9': {'Retries': 0, 'WallDurations': [136.0, 198.03263092041016], 'StartTimes': [1502842157.0], 'SubmitTimes': [1502842001.0], 'JobIds': ['10095381.0'], 'EndTimes': [1502842293.0], 'Restarts': 0, 'RecordedSite': True, 'State': 'finished', 'ResidentSetSize': [29636], 'TotalUserCpuTimeHistory': [52], 'SiteHistory': ['Unknown', 'T2_CH_CERN'], 'TotalSysCpuTimeHistory': [3]}, '146': {'Retries': 0, 'WallDurations': [63.0, 102.3357629776001], 'StartTimes': [1502843154.0], 'SubmitTimes': [1502842055.0], 'JobIds': ['10095517.0'], 'EndTimes': [1502843217.0], 'Restarts': 0, 'RecordedSite': True, 'State': 'finished', 'ResidentSetSize': [2560], 'TotalUserCpuTimeHistory': [31], 'SiteHistory': ['Unknown', 'T2_CH_CERN'], 'TotalSysCpuTimeHistory': [2]}, '144': {'Retries': 0, 'WallDurations': [8.0, 121.0], 'StartTimes': [1502842856.0], 'SubmitTimes': [1502842055.0], 'JobIds': ['10095516.0'], 'EndTimes': [1502842977.0], 'Restarts': 0, 'RecordedSite': True, 'State': 'finished', 'ResidentSetSize': [29680], 'TotalUserCpuTimeHistory': [41], 'SiteHistory': ['Unknown', 'T2_CH_CERN'], 'TotalSysCpuTimeHistory': [2]}, '145': {'Retries': 0, 'WallDurations': [9.0, 120.0], 'StartTimes': [1502842856.0], 'SubmitTimes': [1502842056.0], 'JobIds': ['10095518.0'], 'EndTimes': [1502842976.0], 'Restarts': 0, 'RecordedSite': True, 'State': 'finished', 'ResidentSetSize': [2640], 'TotalUserCpuTimeHistory': [44], 'SiteHistory': ['Unknown', 'T2_CH_CERN'], 'TotalSysCpuTimeHistory': [3]}, '142': {'Retries': 0, 'WallDurations': [9.0, 224.0], 'StartTimes': [1502842859.0], 'SubmitTimes': [1502842055.0], 'JobIds': ['10095514.0'], 'EndTimes': [1502843083.0], 'Restarts': 0, 'RecordedSite': True, 'State': 'finished', 'ResidentSetSize': [25828], 'TotalUserCpuTimeHistory': [55], 'SiteHistory': ['Unknown', 'T2_CH_CERN'], 'TotalSysCpuTimeHistory': [9]}, '143': {'Retries': 0, 'WallDurations': [10.0, 122.0], 'StartTimes': [1502842857.0], 'SubmitTimes': [1502842055.0], 'JobIds': ['10095513.0'], 'EndTimes': [1502842979.0], 'Restarts': 0, 'RecordedSite': True, 'State': 'finished', 'ResidentSetSize': [2640], 'TotalUserCpuTimeHistory': [61], 'SiteHistory': ['Unknown', 'T2_CH_CERN'], 'TotalSysCpuTimeHistory': [3]}, '140': {'Retries': 0, 'WallDurations': [8.0, 144.0], 'StartTimes': [1502842856.0], 'SubmitTimes': [1502842055.0], 'JobIds': ['10095515.0'], 'EndTimes': [1502843000.0], 'Restarts': 0, 'RecordedSite': True, 'State': 'finished', 'ResidentSetSize': [2636], 'TotalUserCpuTimeHistory': [50], 'SiteHistory': ['Unknown', 'T2_CH_CERN'], 'TotalSysCpuTimeHistory': [4]}, '141': {'Retries': 0, 'WallDurations': [9.0, 102.0], 'StartTimes': [1502843154.0], 'SubmitTimes': [1502842055.0], 'JobIds': ['10095512.0'], 'EndTimes': [1502843256.0], 'Restarts': 0, 'RecordedSite': True, 'State': 'finished', 'ResidentSetSize': [20032], 'TotalUserCpuTimeHistory': [27], 'SiteHistory': ['Unknown', 'T2_CH_CERN'], 'TotalSysCpuTimeHistory': [5]}, '77': {'Retries': 0, 'WallDurations': [10.0, 117.0], 'StartTimes': [1502842581.0], 'SubmitTimes': [1502842015.0], 'JobIds': ['10095447.0'], 'EndTimes': [1502842698.0], 'Restarts': 0, 'RecordedSite': True, 'State': 'finished', 'ResidentSetSize': [2596], 'TotalUserCpuTimeHistory': [71], 'SiteHistory': ['Unknown', 'T2_CH_CERN'], 'TotalSysCpuTimeHistory': [3]}, '76': {'Retries': 0, 'WallDurations': [68.0, 76.207617998123169], 'StartTimes': [1502842579.0], 'SubmitTimes': [1502842015.0], 'JobIds': ['10095446.0'], 'EndTimes': [1502842647.0], 'Restarts': 0, 'RecordedSite': True, 'State': 'finished', 'ResidentSetSize': [2596], 'TotalUserCpuTimeHistory': [20], 'SiteHistory': ['Unknown', 'T2_CH_CERN'], 'TotalSysCpuTimeHistory': [1]}, '75': {'Retries': 0, 'WallDurations': [9.0, 191.0], 'StartTimes': [1502842579.0], 'SubmitTimes': [1502842015.0], 'JobIds': ['10095445.0'], 'EndTimes': [1502842770.0], 'Restarts': 0, 'RecordedSite': True, 'State': 'finished', 'ResidentSetSize': [9900], 'TotalUserCpuTimeHistory': [43], 'SiteHistory': ['Unknown', 'T2_CH_CERN'], 'TotalSysCpuTimeHistory': [3]}, '74': {'Retries': 0, 'WallDurations': [8.0, 153.0], 'StartTimes': [1502842872.0], 'SubmitTimes': [1502842015.0], 'JobIds': ['10095444.0'], 'EndTimes': [1502843025.0], 'Restarts': 0, 'RecordedSite': True, 'State': 'finished', 'ResidentSetSize': [136884], 'TotalUserCpuTimeHistory': [69], 'SiteHistory': ['Unknown', 'T2_CH_CERN'], 'TotalSysCpuTimeHistory': [3]}, '73': {'Retries': 0, 'WallDurations': [98.0, 99.388564109802246], 'StartTimes': [1502842856.0], 'SubmitTimes': [1502842015.0], 'JobIds': ['10095443.0'], 'EndTimes': [1502842954.0], 'Restarts': 0, 'RecordedSite': True, 'State': 'finished', 'ResidentSetSize': [15676], 'TotalUserCpuTimeHistory': [33], 'SiteHistory': ['Unknown', 'T2_CH_CERN'], 'TotalSysCpuTimeHistory': [2]}, '72': {'Retries': 0, 'WallDurations': [9.0, 167.0], 'StartTimes': [1502842555.0], 'SubmitTimes': [1502842015.0], 'JobIds': ['10095442.0'], 'EndTimes': [1502842722.0], 'Restarts': 0, 'RecordedSite': True, 'State': 'finished', 'ResidentSetSize': [2624], 'TotalUserCpuTimeHistory': [44], 'SiteHistory': ['Unknown', 'T2_CH_CERN'], 'TotalSysCpuTimeHistory': [3]}, '71': {'Retries': 0, 'WallDurations': [92.0, 104.38856410980225], 'StartTimes': [1502842851.0], 'SubmitTimes': [1502842014.0], 'JobIds': ['10095441.0'], 'EndTimes': [1502842943.0], 'Restarts': 0, 'RecordedSite': True, 'State': 'finished', 'ResidentSetSize': [135084], 'TotalUserCpuTimeHistory': [32], 'SiteHistory': ['Unknown', 'T2_CH_CERN'], 'TotalSysCpuTimeHistory': [2]}, '70': {'Retries': 0, 'WallDurations': [77.0, 105.20761799812317], 'StartTimes': [1502842550.0], 'SubmitTimes': [1502842014.0], 'JobIds': ['10095440.0'], 'EndTimes': [1502842627.0], 'Restarts': 0, 'RecordedSite': True, 'State': 'finished', 'ResidentSetSize': [2576], 'TotalUserCpuTimeHistory': [40], 'SiteHistory': ['Unknown', 'T2_CH_CERN'], 'TotalSysCpuTimeHistory': [2]}, '79': {'Retries': 0, 'WallDurations': [9.0, 155.0], 'StartTimes': [1502842595.0], 'SubmitTimes': [1502842015.0], 'JobIds': ['10095449.0'], 'EndTimes': [1502842750.0], 'Restarts': 0, 'RecordedSite': True, 'State': 'finished', 'ResidentSetSize': [2644], 'TotalUserCpuTimeHistory': [90], 'SiteHistory': ['Unknown', 'T2_CH_CERN'], 'TotalSysCpuTimeHistory': [4]}, '78': {'Retries': 0, 'WallDurations': [9.0, 99.0], 'StartTimes': [1502842587.0], 'SubmitTimes': [1502842015.0], 'JobIds': ['10095448.0'], 'EndTimes': [1502842686.0], 'Restarts': 0, 'RecordedSite': True, 'State': 'finished', 'ResidentSetSize': [55384], 'TotalUserCpuTimeHistory': [53], 'SiteHistory': ['Unknown', 'T2_CH_CERN'], 'TotalSysCpuTimeHistory': [5]}, '47': {'Retries': 0, 'WallDurations': [99.0, 207.20761799812317], 'StartTimes': [1502842448.0], 'SubmitTimes': [1502842005.0], 'JobIds': ['10095415.0'], 'EndTimes': [1502842547.0], 'Restarts': 0, 'RecordedSite': True, 'State': 'finished', 'ResidentSetSize': [57940], 'TotalUserCpuTimeHistory': [32], 'SiteHistory': ['Unknown', 'T2_CH_CERN'], 'TotalSysCpuTimeHistory': [2]}}
INFO 2017-08-16 03:18:02,107: 	 Status on the scheduler:	COMPLETED
INFO 2017-08-16 03:18:02,108: 	 
Jobs status:                    finished      100.0% (146/146)
INFO 2017-08-16 03:18:02,108: 	 
No publication information (publication has been disabled in the CRAB configuration file)
INFO 2017-08-16 03:18:02,144: 	 Log file is /afs/cern.ch/work/s/stuli/public/OniaSkim2013/OniaSkimCode_Santona/CMSSW_5_3_27/src/OniaTree/crab_projects/crab_Analyzer_Ups3S_tuneD6T_5TeV02/crab.log
